Linked: (/home/wglockner/Automated-Grinding/Automated-Grinding/JDH/jdh_ws_cx/devel/.private/khi_robot_msgs/share/roseus/ros/khi_robot_msgs/manifest.l, /home/wglockner/Automated-Grinding/Automated-Grinding/JDH/jdh_ws_cx/devel/share/roseus/ros/khi_robot_msgs/manifest.l)
Linked: (/home/wglockner/Automated-Grinding/Automated-Grinding/JDH/jdh_ws_cx/devel/.private/khi_robot_msgs/share/roseus/ros/khi_robot_msgs/srv/KhiRobotCmd.l, /home/wglockner/Automated-Grinding/Automated-Grinding/JDH/jdh_ws_cx/devel/share/roseus/ros/khi_robot_msgs/srv/KhiRobotCmd.l)
Linked: (/home/wglockner/Automated-Grinding/Automated-Grinding/JDH/jdh_ws_cx/devel/.private/khi_robot_msgs/share/khi_robot_msgs/cmake/khi_robot_msgsConfig.cmake, /home/wglockner/Automated-Grinding/Automated-Grinding/JDH/jdh_ws_cx/devel/share/khi_robot_msgs/cmake/khi_robot_msgsConfig.cmake)
Linked: (/home/wglockner/Automated-Grinding/Automated-Grinding/JDH/jdh_ws_cx/devel/.private/khi_robot_msgs/share/khi_robot_msgs/cmake/khi_robot_msgs-msg-extras.cmake, /home/wglockner/Automated-Grinding/Automated-Grinding/JDH/jdh_ws_cx/devel/share/khi_robot_msgs/cmake/khi_robot_msgs-msg-extras.cmake)
Linked: (/home/wglockner/Automated-Grinding/Automated-Grinding/JDH/jdh_ws_cx/devel/.private/khi_robot_msgs/share/khi_robot_msgs/cmake/khi_robot_msgs-msg-paths.cmake, /home/wglockner/Automated-Grinding/Automated-Grinding/JDH/jdh_ws_cx/devel/share/khi_robot_msgs/cmake/khi_robot_msgs-msg-paths.cmake)
Linked: (/home/wglockner/Automated-Grinding/Automated-Grinding/JDH/jdh_ws_cx/devel/.private/khi_robot_msgs/share/khi_robot_msgs/cmake/khi_robot_msgsConfig-version.cmake, /home/wglockner/Automated-Grinding/Automated-Grinding/JDH/jdh_ws_cx/devel/share/khi_robot_msgs/cmake/khi_robot_msgsConfig-version.cmake)
Linked: (/home/wglockner/Automated-Grinding/Automated-Grinding/JDH/jdh_ws_cx/devel/.private/khi_robot_msgs/share/common-lisp/ros/khi_robot_msgs/srv/KhiRobotCmd.lisp, /home/wglockner/Automated-Grinding/Automated-Grinding/JDH/jdh_ws_cx/devel/share/common-lisp/ros/khi_robot_msgs/srv/KhiRobotCmd.lisp)
Linked: (/home/wglockner/Automated-Grinding/Automated-Grinding/JDH/jdh_ws_cx/devel/.private/khi_robot_msgs/share/common-lisp/ros/khi_robot_msgs/srv/_package_KhiRobotCmd.lisp, /home/wglockner/Automated-Grinding/Automated-Grinding/JDH/jdh_ws_cx/devel/share/common-lisp/ros/khi_robot_msgs/srv/_package_KhiRobotCmd.lisp)
Linked: (/home/wglockner/Automated-Grinding/Automated-Grinding/JDH/jdh_ws_cx/devel/.private/khi_robot_msgs/share/common-lisp/ros/khi_robot_msgs/srv/khi_robot_msgs-srv.asd, /home/wglockner/Automated-Grinding/Automated-Grinding/JDH/jdh_ws_cx/devel/share/common-lisp/ros/khi_robot_msgs/srv/khi_robot_msgs-srv.asd)
Linked: (/home/wglockner/Automated-Grinding/Automated-Grinding/JDH/jdh_ws_cx/devel/.private/khi_robot_msgs/share/common-lisp/ros/khi_robot_msgs/srv/_package.lisp, /home/wglockner/Automated-Grinding/Automated-Grinding/JDH/jdh_ws_cx/devel/share/common-lisp/ros/khi_robot_msgs/srv/_package.lisp)
Linked: (/home/wglockner/Automated-Grinding/Automated-Grinding/JDH/jdh_ws_cx/devel/.private/khi_robot_msgs/share/gennodejs/ros/khi_robot_msgs/_index.js, /home/wglockner/Automated-Grinding/Automated-Grinding/JDH/jdh_ws_cx/devel/share/gennodejs/ros/khi_robot_msgs/_index.js)
Linked: (/home/wglockner/Automated-Grinding/Automated-Grinding/JDH/jdh_ws_cx/devel/.private/khi_robot_msgs/share/gennodejs/ros/khi_robot_msgs/srv/KhiRobotCmd.js, /home/wglockner/Automated-Grinding/Automated-Grinding/JDH/jdh_ws_cx/devel/share/gennodejs/ros/khi_robot_msgs/srv/KhiRobotCmd.js)
Linked: (/home/wglockner/Automated-Grinding/Automated-Grinding/JDH/jdh_ws_cx/devel/.private/khi_robot_msgs/share/gennodejs/ros/khi_robot_msgs/srv/_index.js, /home/wglockner/Automated-Grinding/Automated-Grinding/JDH/jdh_ws_cx/devel/share/gennodejs/ros/khi_robot_msgs/srv/_index.js)
Linked: (/home/wglockner/Automated-Grinding/Automated-Grinding/JDH/jdh_ws_cx/devel/.private/khi_robot_msgs/lib/pkgconfig/khi_robot_msgs.pc, /home/wglockner/Automated-Grinding/Automated-Grinding/JDH/jdh_ws_cx/devel/lib/pkgconfig/khi_robot_msgs.pc)
Linked: (/home/wglockner/Automated-Grinding/Automated-Grinding/JDH/jdh_ws_cx/devel/.private/khi_robot_msgs/lib/python3/dist-packages/khi_robot_msgs/__init__.py, /home/wglockner/Automated-Grinding/Automated-Grinding/JDH/jdh_ws_cx/devel/lib/python3/dist-packages/khi_robot_msgs/__init__.py)
Linked: (/home/wglockner/Automated-Grinding/Automated-Grinding/JDH/jdh_ws_cx/devel/.private/khi_robot_msgs/lib/python3/dist-packages/khi_robot_msgs/srv/_KhiRobotCmd.py, /home/wglockner/Automated-Grinding/Automated-Grinding/JDH/jdh_ws_cx/devel/lib/python3/dist-packages/khi_robot_msgs/srv/_KhiRobotCmd.py)
Linked: (/home/wglockner/Automated-Grinding/Automated-Grinding/JDH/jdh_ws_cx/devel/.private/khi_robot_msgs/lib/python3/dist-packages/khi_robot_msgs/srv/__init__.py, /home/wglockner/Automated-Grinding/Automated-Grinding/JDH/jdh_ws_cx/devel/lib/python3/dist-packages/khi_robot_msgs/srv/__init__.py)
Linked: (/home/wglockner/Automated-Grinding/Automated-Grinding/JDH/jdh_ws_cx/devel/.private/khi_robot_msgs/include/khi_robot_msgs/KhiRobotCmdResponse.h, /home/wglockner/Automated-Grinding/Automated-Grinding/JDH/jdh_ws_cx/devel/include/khi_robot_msgs/KhiRobotCmdResponse.h)
Linked: (/home/wglockner/Automated-Grinding/Automated-Grinding/JDH/jdh_ws_cx/devel/.private/khi_robot_msgs/include/khi_robot_msgs/KhiRobotCmdRequest.h, /home/wglockner/Automated-Grinding/Automated-Grinding/JDH/jdh_ws_cx/devel/include/khi_robot_msgs/KhiRobotCmdRequest.h)
Linked: (/home/wglockner/Automated-Grinding/Automated-Grinding/JDH/jdh_ws_cx/devel/.private/khi_robot_msgs/include/khi_robot_msgs/KhiRobotCmd.h, /home/wglockner/Automated-Grinding/Automated-Grinding/JDH/jdh_ws_cx/devel/include/khi_robot_msgs/KhiRobotCmd.h)
