/usr/bin/ld: CMakeFiles/mtc_task_node.dir/src/mtc_task_node.cpp.o: in function `MTCTaskNode::MTCTaskNode()':
mtc_task_node.cpp:(.text+0xad): undefined reference to `moveit::task_constructor::Task::Task(std::__cxx11::basic_string<char, std::char_traits<char>, std::allocator<char> > const&, bool, std::unique_ptr<moveit::task_constructor::ContainerBase, std::default_delete<moveit::task_constructor::ContainerBase> >&&)'
/usr/bin/ld: mtc_task_node.cpp:(.text+0x13a): undefined reference to `ros::NodeHandle::NodeHandle(std::__cxx11::basic_string<char, std::char_traits<char>, std::allocator<char> > const&, std::map<std::__cxx11::basic_string<char, std::char_traits<char>, std::allocator<char> >, std::__cxx11::basic_string<char, std::char_traits<char>, std::allocator<char> >, std::less<std::__cxx11::basic_string<char, std::char_traits<char>, std::allocator<char> > >, std::allocator<std::pair<std::__cxx11::basic_string<char, std::char_traits<char>, std::allocator<char> > const, std::__cxx11::basic_string<char, std::char_traits<char>, std::allocator<char> > > > > const&)'
/usr/bin/ld: mtc_task_node.cpp:(.text+0x1e4): undefined reference to `moveit::task_constructor::Task::~Task()'
/usr/bin/ld: CMakeFiles/mtc_task_node.dir/src/mtc_task_node.cpp.o: in function `MTCTaskNode::setupPlanningScene()':
mtc_task_node.cpp:(.text+0x3f2): undefined reference to `moveit::planning_interface::PlanningSceneInterface::PlanningSceneInterface(std::__cxx11::basic_string<char, std::char_traits<char>, std::allocator<char> > const&, bool)'
/usr/bin/ld: mtc_task_node.cpp:(.text+0x429): undefined reference to `moveit::planning_interface::PlanningSceneInterface::applyCollisionObject(moveit_msgs::CollisionObject_<std::allocator<void> > const&)'
/usr/bin/ld: mtc_task_node.cpp:(.text+0x438): undefined reference to `moveit::planning_interface::PlanningSceneInterface::~PlanningSceneInterface()'
/usr/bin/ld: mtc_task_node.cpp:(.text+0x49f): undefined reference to `moveit::planning_interface::PlanningSceneInterface::~PlanningSceneInterface()'
/usr/bin/ld: CMakeFiles/mtc_task_node.dir/src/mtc_task_node.cpp.o: in function `MTCTaskNode::doTask()':
mtc_task_node.cpp:(.text+0x52e): undefined reference to `moveit::task_constructor::Task::operator=(moveit::task_constructor::Task&&)'
/usr/bin/ld: mtc_task_node.cpp:(.text+0x53d): undefined reference to `moveit::task_constructor::Task::~Task()'
/usr/bin/ld: mtc_task_node.cpp:(.text+0x54c): undefined reference to `moveit::task_constructor::Task::init()'
/usr/bin/ld: mtc_task_node.cpp:(.text+0x560): undefined reference to `moveit::task_constructor::Task::plan(unsigned long)'
/usr/bin/ld: mtc_task_node.cpp:(.text+0x587): undefined reference to `ros::console::g_initialized'
/usr/bin/ld: mtc_task_node.cpp:(.text+0x597): undefined reference to `ros::console::initialize()'
/usr/bin/ld: mtc_task_node.cpp:(.text+0x5f0): undefined reference to `ros::console::initializeLogLocation(ros::console::LogLocation*, std::__cxx11::basic_string<char, std::char_traits<char>, std::allocator<char> > const&, ros::console::levels::Level)'
/usr/bin/ld: mtc_task_node.cpp:(.text+0x633): undefined reference to `ros::console::setLogLocationLevel(ros::console::LogLocation*, ros::console::levels::Level)'
/usr/bin/ld: mtc_task_node.cpp:(.text+0x63f): undefined reference to `ros::console::checkLogLocationEnabled(ros::console::LogLocation*)'
/usr/bin/ld: mtc_task_node.cpp:(.text+0x69b): undefined reference to `ros::console::print(ros::console::FilterBase*, void*, ros::console::levels::Level, char const*, int, char const*, char const*, ...)'
/usr/bin/ld: mtc_task_node.cpp:(.text+0x6b3): undefined reference to `moveit::task_constructor::Task::introspection()'
/usr/bin/ld: mtc_task_node.cpp:(.text+0x6e0): undefined reference to `moveit::task_constructor::Introspection::publishSolution(moveit::task_constructor::SolutionBase const&)'
/usr/bin/ld: mtc_task_node.cpp:(.text+0x711): undefined reference to `moveit::task_constructor::Task::execute(moveit::task_constructor::SolutionBase const&)'
/usr/bin/ld: mtc_task_node.cpp:(.text+0x72d): undefined reference to `ros::console::g_initialized'
/usr/bin/ld: mtc_task_node.cpp:(.text+0x73d): undefined reference to `ros::console::initialize()'
/usr/bin/ld: mtc_task_node.cpp:(.text+0x796): undefined reference to `ros::console::initializeLogLocation(ros::console::LogLocation*, std::__cxx11::basic_string<char, std::char_traits<char>, std::allocator<char> > const&, ros::console::levels::Level)'
/usr/bin/ld: mtc_task_node.cpp:(.text+0x7d9): undefined reference to `ros::console::setLogLocationLevel(ros::console::LogLocation*, ros::console::levels::Level)'
/usr/bin/ld: mtc_task_node.cpp:(.text+0x7e5): undefined reference to `ros::console::checkLogLocationEnabled(ros::console::LogLocation*)'
/usr/bin/ld: mtc_task_node.cpp:(.text+0x841): undefined reference to `ros::console::print(ros::console::FilterBase*, void*, ros::console::levels::Level, char const*, int, char const*, char const*, ...)'
/usr/bin/ld: mtc_task_node.cpp:(.text+0x860): undefined reference to `moveit::task_constructor::Task::~Task()'
/usr/bin/ld: mtc_task_node.cpp:(.text+0x893): undefined reference to `ros::console::g_initialized'
/usr/bin/ld: mtc_task_node.cpp:(.text+0x8a3): undefined reference to `ros::console::initialize()'
/usr/bin/ld: mtc_task_node.cpp:(.text+0x8fc): undefined reference to `ros::console::initializeLogLocation(ros::console::LogLocation*, std::__cxx11::basic_string<char, std::char_traits<char>, std::allocator<char> > const&, ros::console::levels::Level)'
/usr/bin/ld: mtc_task_node.cpp:(.text+0x93f): undefined reference to `ros::console::setLogLocationLevel(ros::console::LogLocation*, ros::console::levels::Level)'
/usr/bin/ld: mtc_task_node.cpp:(.text+0x94b): undefined reference to `ros::console::checkLogLocationEnabled(ros::console::LogLocation*)'
/usr/bin/ld: mtc_task_node.cpp:(.text+0x9e7): undefined reference to `ros::console::print(ros::console::FilterBase*, void*, ros::console::levels::Level, std::__cxx11::basic_stringstream<char, std::char_traits<char>, std::allocator<char> > const&, char const*, int, char const*)'
/usr/bin/ld: CMakeFiles/mtc_task_node.dir/src/mtc_task_node.cpp.o: in function `MTCTaskNode::createTask()':
mtc_task_node.cpp:(.text+0xb8d): undefined reference to `moveit::task_constructor::Task::Task(std::__cxx11::basic_string<char, std::char_traits<char>, std::allocator<char> > const&, bool, std::unique_ptr<moveit::task_constructor::ContainerBase, std::default_delete<moveit::task_constructor::ContainerBase> >&&)'
/usr/bin/ld: mtc_task_node.cpp:(.text+0xbcc): undefined reference to `moveit::task_constructor::Task::stages()'
/usr/bin/ld: mtc_task_node.cpp:(.text+0xc01): undefined reference to `moveit::task_constructor::Stage::setName(std::__cxx11::basic_string<char, std::char_traits<char>, std::allocator<char> > const&)'
/usr/bin/ld: mtc_task_node.cpp:(.text+0xc52): undefined reference to `moveit::task_constructor::Task::loadRobotModel(std::__cxx11::basic_string<char, std::char_traits<char>, std::allocator<char> > const&)'
/usr/bin/ld: mtc_task_node.cpp:(.text+0xd29): undefined reference to `moveit::task_constructor::Task::add(std::unique_ptr<moveit::task_constructor::Stage, std::default_delete<moveit::task_constructor::Stage> >&&)'
/usr/bin/ld: mtc_task_node.cpp:(.text+0xf34): undefined reference to `moveit::task_constructor::Task::~Task()'
/usr/bin/ld: CMakeFiles/mtc_task_node.dir/src/mtc_task_node.cpp.o: in function `main':
mtc_task_node.cpp:(.text+0xfcf): undefined reference to `ros::init(int&, char**, std::__cxx11::basic_string<char, std::char_traits<char>, std::allocator<char> > const&, unsigned int)'
/usr/bin/ld: mtc_task_node.cpp:(.text+0x1010): undefined reference to `ros::AsyncSpinner::AsyncSpinner(unsigned int)'
/usr/bin/ld: mtc_task_node.cpp:(.text+0x101f): undefined reference to `ros::AsyncSpinner::start()'
/usr/bin/ld: mtc_task_node.cpp:(.text+0x1042): undefined reference to `ros::waitForShutdown()'
/usr/bin/ld: CMakeFiles/mtc_task_node.dir/src/mtc_task_node.cpp.o: in function `moveit::task_constructor::Task::solutions() const':
mtc_task_node.cpp:(.text._ZNK6moveit16task_constructor4Task9solutionsEv[_ZNK6moveit16task_constructor4Task9solutionsEv]+0x18): undefined reference to `moveit::task_constructor::Task::stages() const'
/usr/bin/ld: mtc_task_node.cpp:(.text._ZNK6moveit16task_constructor4Task9solutionsEv[_ZNK6moveit16task_constructor4Task9solutionsEv]+0x20): undefined reference to `moveit::task_constructor::Stage::solutions() const'
/usr/bin/ld: CMakeFiles/mtc_task_node.dir/src/mtc_task_node.cpp.o: in function `moveit::task_constructor::Task::setProperty(std::__cxx11::basic_string<char, std::char_traits<char>, std::allocator<char> > const&, char const*)':
mtc_task_node.cpp:(.text._ZN6moveit16task_constructor4Task11setPropertyERKNSt7__cxx1112basic_stringIcSt11char_traitsIcESaIcEEEPKc[_ZN6moveit16task_constructor4Task11setPropertyERKNSt7__cxx1112basic_stringIcSt11char_traitsIcESaIcEEEPKc]+0x78): undefined reference to `moveit::task_constructor::Task::setProperty(std::__cxx11::basic_string<char, std::char_traits<char>, std::allocator<char> > const&, boost::any const&)'
/usr/bin/ld: CMakeFiles/mtc_task_node.dir/src/mtc_task_node.cpp.o: in function `moveit::task_constructor::solvers::PlannerInterface::setProperty(std::__cxx11::basic_string<char, std::char_traits<char>, std::allocator<char> > const&, boost::any const&)':
mtc_task_node.cpp:(.text._ZN6moveit16task_constructor7solvers16PlannerInterface11setPropertyERKNSt7__cxx1112basic_stringIcSt11char_traitsIcESaIcEEERKN5boost3anyE[_ZN6moveit16task_constructor7solvers16PlannerInterface11setPropertyERKNSt7__cxx1112basic_stringIcSt11char_traitsIcESaIcEEERKN5boost3anyE]+0x2f): undefined reference to `void moveit::task_constructor::PropertyMap::set<boost::any>(std::__cxx11::basic_string<char, std::char_traits<char>, std::allocator<char> > const&, boost::any const&)'
/usr/bin/ld: CMakeFiles/mtc_task_node.dir/src/mtc_task_node.cpp.o: in function `MTCTaskNode::~MTCTaskNode()':
mtc_task_node.cpp:(.text._ZN11MTCTaskNodeD2Ev[_ZN11MTCTaskNodeD5Ev]+0x1c): undefined reference to `ros::NodeHandle::~NodeHandle()'
/usr/bin/ld: mtc_task_node.cpp:(.text._ZN11MTCTaskNodeD2Ev[_ZN11MTCTaskNodeD5Ev]+0x28): undefined reference to `moveit::task_constructor::Task::~Task()'
/usr/bin/ld: CMakeFiles/mtc_task_node.dir/src/mtc_task_node.cpp.o: in function `std::_MakeUniq<moveit::task_constructor::SerialContainer>::__single_object std::make_unique<moveit::task_constructor::SerialContainer, char const (&) [14]>(char const (&) [14])':
mtc_task_node.cpp:(.text._ZSt11make_uniqueIN6moveit16task_constructor15SerialContainerEJRA14_KcEENSt9_MakeUniqIT_E15__single_objectEDpOT0_[_ZSt11make_uniqueIN6moveit16task_constructor15SerialContainerEJRA14_KcEENSt9_MakeUniqIT_E15__single_objectEDpOT0_]+0x6b): undefined reference to `moveit::task_constructor::SerialContainer::SerialContainer(std::__cxx11::basic_string<char, std::char_traits<char>, std::allocator<char> > const&)'
/usr/bin/ld: CMakeFiles/mtc_task_node.dir/src/mtc_task_node.cpp.o: in function `void moveit::task_constructor::PropertyMap::set<double>(std::__cxx11::basic_string<char, std::char_traits<char>, std::allocator<char> > const&, double const&)':
mtc_task_node.cpp:(.text._ZN6moveit16task_constructor11PropertyMap3setIdEEvRKNSt7__cxx1112basic_stringIcSt11char_traitsIcESaIcEEERKT_[_ZN6moveit16task_constructor11PropertyMap3setIdEEvRKNSt7__cxx1112basic_stringIcSt11char_traitsIcESaIcEEERKT_]+0xec): undefined reference to `moveit::task_constructor::Property::setValue(boost::any const&)'
/usr/bin/ld: CMakeFiles/mtc_task_node.dir/src/mtc_task_node.cpp.o: in function `std::_MakeUniq<moveit::task_constructor::stages::CurrentState>::__single_object std::make_unique<moveit::task_constructor::stages::CurrentState, char const (&) [8]>(char const (&) [8])':
mtc_task_node.cpp:(.text._ZSt11make_uniqueIN6moveit16task_constructor6stages12CurrentStateEJRA8_KcEENSt9_MakeUniqIT_E15__single_objectEDpOT0_[_ZSt11make_uniqueIN6moveit16task_constructor6stages12CurrentStateEJRA8_KcEENSt9_MakeUniqIT_E15__single_objectEDpOT0_]+0x6b): undefined reference to `moveit::task_constructor::stages::CurrentState::CurrentState(std::__cxx11::basic_string<char, std::char_traits<char>, std::allocator<char> > const&)'
/usr/bin/ld: CMakeFiles/mtc_task_node.dir/src/mtc_task_node.cpp.o: in function `moveit::task_constructor::Property& moveit::task_constructor::PropertyMap::declare<double>(std::__cxx11::basic_string<char, std::char_traits<char>, std::allocator<char> > const&, double const&, std::__cxx11::basic_string<char, std::char_traits<char>, std::allocator<char> > const&)':
mtc_task_node.cpp:(.text._ZN6moveit16task_constructor11PropertyMap7declareIdEERNS0_8PropertyERKNSt7__cxx1112basic_stringIcSt11char_traitsIcESaIcEEERKT_SC_[_ZN6moveit16task_constructor11PropertyMap7declareIdEERNS0_8PropertyERKNSt7__cxx1112basic_stringIcSt11char_traitsIcESaIcEEERKT_SC_]+0x6c): undefined reference to `moveit::task_constructor::PropertyMap::declare(std::__cxx11::basic_string<char, std::char_traits<char>, std::allocator<char> > const&, std::type_info const&, std::__cxx11::basic_string<char, std::char_traits<char>, std::allocator<char> > const&, boost::any const&)'
/usr/bin/ld: CMakeFiles/mtc_task_node.dir/src/mtc_task_node.cpp.o: in function `moveit::task_constructor::PropertySerializer<double>::PropertySerializer()':
mtc_task_node.cpp:(.text._ZN6moveit16task_constructor18PropertySerializerIdEC2Ev[_ZN6moveit16task_constructor18PropertySerializerIdEC5Ev]+0x59): undefined reference to `moveit::task_constructor::PropertySerializerBase::insert(std::type_index const&, std::__cxx11::basic_string<char, std::char_traits<char>, std::allocator<char> > const&, std::__cxx11::basic_string<char, std::char_traits<char>, std::allocator<char> > (*)(boost::any const&), boost::any (*)(std::__cxx11::basic_string<char, std::char_traits<char>, std::allocator<char> > const&))'
/usr/bin/ld: CMakeFiles/mtc_task_node.dir/src/mtc_task_node.cpp.o: in function `void __gnu_cxx::new_allocator<moveit::task_constructor::solvers::PipelinePlanner>::construct<moveit::task_constructor::solvers::PipelinePlanner, char const (&) [5]>(moveit::task_constructor::solvers::PipelinePlanner*, char const (&) [5])':
mtc_task_node.cpp:(.text._ZN9__gnu_cxx13new_allocatorIN6moveit16task_constructor7solvers15PipelinePlannerEE9constructIS4_JRA5_KcEEEvPT_DpOT0_[_ZN9__gnu_cxx13new_allocatorIN6moveit16task_constructor7solvers15PipelinePlannerEE9constructIS4_JRA5_KcEEEvPT_DpOT0_]+0x79): undefined reference to `moveit::task_constructor::solvers::PipelinePlanner::PipelinePlanner(std::__cxx11::basic_string<char, std::char_traits<char>, std::allocator<char> > const&)'
/usr/bin/ld: CMakeFiles/mtc_task_node.dir/src/mtc_task_node.cpp.o: in function `void __gnu_cxx::new_allocator<moveit::task_constructor::solvers::CartesianPath>::construct<moveit::task_constructor::solvers::CartesianPath>(moveit::task_constructor::solvers::CartesianPath*)':
mtc_task_node.cpp:(.text._ZN9__gnu_cxx13new_allocatorIN6moveit16task_constructor7solvers13CartesianPathEE9constructIS4_JEEEvPT_DpOT0_[_ZN9__gnu_cxx13new_allocatorIN6moveit16task_constructor7solvers13CartesianPathEE9constructIS4_JEEEvPT_DpOT0_]+0x31): undefined reference to `moveit::task_constructor::solvers::CartesianPath::CartesianPath()'
/usr/bin/ld: CMakeFiles/mtc_task_node.dir/src/mtc_task_node.cpp.o:(.data.rel.local.DW.ref._ZTIN6moveit16task_constructor18InitStageExceptionE[DW.ref._ZTIN6moveit16task_constructor18InitStageExceptionE]+0x0): undefined reference to `typeinfo for moveit::task_constructor::InitStageException'
collect2: error: ld returned 1 exit status
make[2]: *** [CMakeFiles/mtc_task_node.dir/build.make:84: /home/wglockner/Automated-Grinding/Automated-Grinding/WWG/wwg_ws_cx/devel/.private/my_mtc_pkg/lib/my_mtc_pkg/mtc_task_node] Error 1
make[1]: *** [CMakeFiles/Makefile2:2942: CMakeFiles/mtc_task_node.dir/all] Error 2
make: *** [Makefile:141: all] Error 2
