[01m[K/home/wglockner/Automated-Grinding/Automated-Grinding/WWG/wwg_ws_cx/src/my_mtc_pkg/src/mtc_task_node.cpp:[m[K In member function ‘[01m[Kmoveit::task_constructor::Task MTCTaskNode::createTask()[m[K’:
[01m[K/home/wglockner/Automated-Grinding/Automated-Grinding/WWG/wwg_ws_cx/src/my_mtc_pkg/src/mtc_task_node.cpp:88:23:[m[K [01;31m[Kerror: [m[Kcannot convert ‘[01m[Kros::NodeHandle[m[K’ to ‘[01m[Kconst string&[m[K’ {aka ‘[01m[Kconst std::__cxx11::basic_string<char>&[m[K’}
   88 |   task.loadRobotModel([01;31m[Knh_[m[K);
      |                       [01;31m[K^~~[m[K
      |                       [01;31m[K|[m[K
      |                       [01;31m[Kros::NodeHandle[m[K
In file included from [01m[K/home/wglockner/Automated-Grinding/Automated-Grinding/WWG/wwg_ws_cx/src/my_mtc_pkg/src/mtc_task_node.cpp:2[m[K:
[01m[K/home/wglockner/Automated-Grinding/Automated-Grinding/WWG/wwg_ws_cx/src/ws_moveit/src/moveit_task_constructor/core/include/moveit/task_constructor/task.h:95:41:[m[K [01;36m[Knote: [m[K  initializing argument 1 of ‘[01m[Kvoid moveit::task_constructor::Task::loadRobotModel(const string&)[m[K’
   95 |  void loadRobotModel([01;36m[Kconst std::string& robot_description = "robot_description"[m[K);
      |                      [01;36m[K~~~~~~~~~~~~~~~~~~~^~~~~~~~~~~~~~~~~~~~~~~~~~~~~~~~~~~~~~~[m[K
[01m[K/home/wglockner/Automated-Grinding/Automated-Grinding/WWG/wwg_ws_cx/src/my_mtc_pkg/src/mtc_task_node.cpp:102:63:[m[K [01;31m[Kerror: [m[K‘[01m[KJointInterpolationPlanner[m[K’ is not a member of ‘[01m[Kmoveit::task_constructor::solvers[m[K’
  102 |   auto interpolation_planner = std::make_shared<mtc::solvers::[01;31m[KJointInterpolationPlanner[m[K>();
      |                                                               [01;31m[K^~~~~~~~~~~~~~~~~~~~~~~~~[m[K
[01m[K/home/wglockner/Automated-Grinding/Automated-Grinding/WWG/wwg_ws_cx/src/my_mtc_pkg/src/mtc_task_node.cpp:102:63:[m[K [01;31m[Kerror: [m[K‘[01m[KJointInterpolationPlanner[m[K’ is not a member of ‘[01m[Kmoveit::task_constructor::solvers[m[K’
[01m[K/home/wglockner/Automated-Grinding/Automated-Grinding/WWG/wwg_ws_cx/src/my_mtc_pkg/src/mtc_task_node.cpp:102:90:[m[K [01;31m[Kerror: [m[Kno matching function for call to ‘[01m[Kmake_shared<<expression error> >()[m[K’
  102 |   auto interpolation_planner = std::make_shared<mtc::solvers::JointInterpolationPlanner>([01;31m[K)[m[K;
      |                                                                                          [01;31m[K^[m[K
In file included from [01m[K/usr/include/c++/9/memory:81[m[K,
                 from [01m[K/usr/include/boost/config/no_tr1/memory.hpp:21[m[K,
                 from [01m[K/usr/include/boost/smart_ptr/shared_ptr.hpp:23[m[K,
                 from [01m[K/usr/include/boost/shared_ptr.hpp:17[m[K,
                 from [01m[K/opt/ros/noetic/include/ros/forwards.h:37[m[K,
                 from [01m[K/opt/ros/noetic/include/ros/common.h:37[m[K,
                 from [01m[K/opt/ros/noetic/include/ros/ros.h:43[m[K,
                 from [01m[K/home/wglockner/Automated-Grinding/Automated-Grinding/WWG/wwg_ws_cx/src/my_mtc_pkg/src/mtc_task_node.cpp:1[m[K:
[01m[K/usr/include/c++/9/bits/shared_ptr.h:714:5:[m[K [01;36m[Knote: [m[Kcandidate: ‘[01m[Ktemplate<class _Tp, class ... _Args> std::shared_ptr<_Tp> std::make_shared(_Args&& ...)[m[K’
  714 |     [01;36m[Kmake_shared[m[K(_Args&&... __args)
      |     [01;36m[K^~~~~~~~~~~[m[K
[01m[K/usr/include/c++/9/bits/shared_ptr.h:714:5:[m[K [01;36m[Knote: [m[K  template argument deduction/substitution failed:
[01m[K/home/wglockner/Automated-Grinding/Automated-Grinding/WWG/wwg_ws_cx/src/my_mtc_pkg/src/mtc_task_node.cpp:102:90:[m[K [01;31m[Kerror: [m[Ktemplate argument 1 is invalid
  102 |   auto interpolation_planner = std::make_shared<mtc::solvers::JointInterpolationPlanner>([01;31m[K)[m[K;
      |                                                                                          [01;31m[K^[m[K
In file included from [01m[K/usr/include/x86_64-linux-gnu/c++/9/bits/c++allocator.h:33[m[K,
                 from [01m[K/usr/include/c++/9/bits/allocator.h:46[m[K,
                 from [01m[K/usr/include/c++/9/string:41[m[K,
                 from [01m[K/opt/ros/noetic/include/ros/platform.h:38[m[K,
                 from [01m[K/opt/ros/noetic/include/ros/time.h:53[m[K,
                 from [01m[K/opt/ros/noetic/include/ros/ros.h:38[m[K,
                 from [01m[K/home/wglockner/Automated-Grinding/Automated-Grinding/WWG/wwg_ws_cx/src/my_mtc_pkg/src/mtc_task_node.cpp:1[m[K:
/usr/include/c++/9/ext/new_allocator.h: In instantiation of ‘[01m[Kvoid __gnu_cxx::new_allocator<_Tp>::construct(_Up*, _Args&& ...) [with _Up = moveit::task_constructor::solvers::PipelinePlanner; _Args = {ros::NodeHandle&}; _Tp = moveit::task_constructor::solvers::PipelinePlanner][m[K’:
[01m[K/usr/include/c++/9/bits/alloc_traits.h:483:4:[m[K   required from ‘[01m[Kstatic void std::allocator_traits<std::allocator<_CharT> >::construct(std::allocator_traits<std::allocator<_CharT> >::allocator_type&, _Up*, _Args&& ...) [with _Up = moveit::task_constructor::solvers::PipelinePlanner; _Args = {ros::NodeHandle&}; _Tp = moveit::task_constructor::solvers::PipelinePlanner; std::allocator_traits<std::allocator<_CharT> >::allocator_type = std::allocator<moveit::task_constructor::solvers::PipelinePlanner>][m[K’
[01m[K/usr/include/c++/9/bits/shared_ptr_base.h:548:39:[m[K   required from ‘[01m[Kstd::_Sp_counted_ptr_inplace<_Tp, _Alloc, _Lp>::_Sp_counted_ptr_inplace(_Alloc, _Args&& ...) [with _Args = {ros::NodeHandle&}; _Tp = moveit::task_constructor::solvers::PipelinePlanner; _Alloc = std::allocator<moveit::task_constructor::solvers::PipelinePlanner>; __gnu_cxx::_Lock_policy _Lp = __gnu_cxx::_S_atomic][m[K’
[01m[K/usr/include/c++/9/bits/shared_ptr_base.h:679:16:[m[K   required from ‘[01m[Kstd::__shared_count<_Lp>::__shared_count(_Tp*&, std::_Sp_alloc_shared_tag<_Alloc>, _Args&& ...) [with _Tp = moveit::task_constructor::solvers::PipelinePlanner; _Alloc = std::allocator<moveit::task_constructor::solvers::PipelinePlanner>; _Args = {ros::NodeHandle&}; __gnu_cxx::_Lock_policy _Lp = __gnu_cxx::_S_atomic][m[K’
[01m[K/usr/include/c++/9/bits/shared_ptr_base.h:1344:71:[m[K   required from ‘[01m[Kstd::__shared_ptr<_Tp, _Lp>::__shared_ptr(std::_Sp_alloc_shared_tag<_Tp>, _Args&& ...) [with _Alloc = std::allocator<moveit::task_constructor::solvers::PipelinePlanner>; _Args = {ros::NodeHandle&}; _Tp = moveit::task_constructor::solvers::PipelinePlanner; __gnu_cxx::_Lock_policy _Lp = __gnu_cxx::_S_atomic][m[K’
[01m[K/usr/include/c++/9/bits/shared_ptr.h:359:59:[m[K   required from ‘[01m[Kstd::shared_ptr<_Tp>::shared_ptr(std::_Sp_alloc_shared_tag<_Tp>, _Args&& ...) [with _Alloc = std::allocator<moveit::task_constructor::solvers::PipelinePlanner>; _Args = {ros::NodeHandle&}; _Tp = moveit::task_constructor::solvers::PipelinePlanner][m[K’
[01m[K/usr/include/c++/9/bits/shared_ptr.h:701:14:[m[K   required from ‘[01m[Kstd::shared_ptr<_Tp> std::allocate_shared(const _Alloc&, _Args&& ...) [with _Tp = moveit::task_constructor::solvers::PipelinePlanner; _Alloc = std::allocator<moveit::task_constructor::solvers::PipelinePlanner>; _Args = {ros::NodeHandle&}][m[K’
[01m[K/usr/include/c++/9/bits/shared_ptr.h:717:39:[m[K   required from ‘[01m[Kstd::shared_ptr<_Tp> std::make_shared(_Args&& ...) [with _Tp = moveit::task_constructor::solvers::PipelinePlanner; _Args = {ros::NodeHandle&}][m[K’
[01m[K/home/wglockner/Automated-Grinding/Automated-Grinding/WWG/wwg_ws_cx/src/my_mtc_pkg/src/mtc_task_node.cpp:101:78:[m[K   required from here
[01m[K/usr/include/c++/9/ext/new_allocator.h:146:4:[m[K [01;31m[Kerror: [m[Kno matching function for call to ‘[01m[Kmoveit::task_constructor::solvers::PipelinePlanner::PipelinePlanner(ros::NodeHandle&)[m[K’
  146 |  { [01;31m[K::new((void *)__p) _Up(std::forward<_Args>(__args)...)[m[K; }
      |    [01;31m[K^~~~~~~~~~~~~~~~~~~~~~~~~~~~~~~~~~~~~~~~~~~~~~~~~~~~~~[m[K
In file included from [01m[K/home/wglockner/Automated-Grinding/Automated-Grinding/WWG/wwg_ws_cx/src/my_mtc_pkg/src/mtc_task_node.cpp:5[m[K:
[01m[K/home/wglockner/Automated-Grinding/Automated-Grinding/WWG/wwg_ws_cx/src/ws_moveit/src/moveit_task_constructor/core/include/moveit/task_constructor/solvers/pipeline_planner.h:77:2:[m[K [01;36m[Knote: [m[Kcandidate: ‘[01m[Kmoveit::task_constructor::solvers::PipelinePlanner::PipelinePlanner(const PlanningPipelinePtr&)[m[K’
   77 |  [01;36m[KPipelinePlanner[m[K(const planning_pipeline::PlanningPipelinePtr& planning_pipeline);
      |  [01;36m[K^~~~~~~~~~~~~~~[m[K
[01m[K/home/wglockner/Automated-Grinding/Automated-Grinding/WWG/wwg_ws_cx/src/ws_moveit/src/moveit_task_constructor/core/include/moveit/task_constructor/solvers/pipeline_planner.h:77:64:[m[K [01;36m[Knote: [m[K  no known conversion for argument 1 from ‘[01m[Kros::NodeHandle[m[K’ to ‘[01m[Kconst PlanningPipelinePtr&[m[K’ {aka ‘[01m[Kconst std::shared_ptr<planning_pipeline::PlanningPipeline>&[m[K’}
   77 |  PipelinePlanner([01;36m[Kconst planning_pipeline::PlanningPipelinePtr& planning_pipeline[m[K);
      |                  [01;36m[K~~~~~~~~~~~~~~~~~~~~~~~~~~~~~~~~~~~~~~~~~~~~~~^~~~~~~~~~~~~~~~~[m[K
[01m[K/home/wglockner/Automated-Grinding/Automated-Grinding/WWG/wwg_ws_cx/src/ws_moveit/src/moveit_task_constructor/core/include/moveit/task_constructor/solvers/pipeline_planner.h:75:2:[m[K [01;36m[Knote: [m[Kcandidate: ‘[01m[Kmoveit::task_constructor::solvers::PipelinePlanner::PipelinePlanner(const string&)[m[K’
   75 |  [01;36m[KPipelinePlanner[m[K(const std::string& pipeline = "ompl");
      |  [01;36m[K^~~~~~~~~~~~~~~[m[K
[01m[K/home/wglockner/Automated-Grinding/Automated-Grinding/WWG/wwg_ws_cx/src/ws_moveit/src/moveit_task_constructor/core/include/moveit/task_constructor/solvers/pipeline_planner.h:75:37:[m[K [01;36m[Knote: [m[K  no known conversion for argument 1 from ‘[01m[Kros::NodeHandle[m[K’ to ‘[01m[Kconst string&[m[K’ {aka ‘[01m[Kconst std::__cxx11::basic_string<char>&[m[K’}
   75 |  PipelinePlanner([01;36m[Kconst std::string& pipeline = "ompl"[m[K);
      |                  [01;36m[K~~~~~~~~~~~~~~~~~~~^~~~~~~~~~~~~~~~~[m[K
[01m[K/home/wglockner/Automated-Grinding/Automated-Grinding/WWG/wwg_ws_cx/src/ws_moveit/src/moveit_task_constructor/core/include/moveit/task_constructor/solvers/pipeline_planner.h:56:7:[m[K [01;36m[Knote: [m[Kcandidate: ‘[01m[Kmoveit::task_constructor::solvers::PipelinePlanner::PipelinePlanner(const moveit::task_constructor::solvers::PipelinePlanner&)[m[K’
   56 | class [01;36m[KPipelinePlanner[m[K : public PlannerInterface
      |       [01;36m[K^~~~~~~~~~~~~~~[m[K
[01m[K/home/wglockner/Automated-Grinding/Automated-Grinding/WWG/wwg_ws_cx/src/ws_moveit/src/moveit_task_constructor/core/include/moveit/task_constructor/solvers/pipeline_planner.h:56:7:[m[K [01;36m[Knote: [m[K  no known conversion for argument 1 from ‘[01m[Kros::NodeHandle[m[K’ to ‘[01m[Kconst moveit::task_constructor::solvers::PipelinePlanner&[m[K’
[01m[K/home/wglockner/Automated-Grinding/Automated-Grinding/WWG/wwg_ws_cx/src/ws_moveit/src/moveit_task_constructor/core/include/moveit/task_constructor/solvers/pipeline_planner.h:56:7:[m[K [01;36m[Knote: [m[Kcandidate: ‘[01m[Kmoveit::task_constructor::solvers::PipelinePlanner::PipelinePlanner(moveit::task_constructor::solvers::PipelinePlanner&&)[m[K’
[01m[K/home/wglockner/Automated-Grinding/Automated-Grinding/WWG/wwg_ws_cx/src/ws_moveit/src/moveit_task_constructor/core/include/moveit/task_constructor/solvers/pipeline_planner.h:56:7:[m[K [01;36m[Knote: [m[K  no known conversion for argument 1 from ‘[01m[Kros::NodeHandle[m[K’ to ‘[01m[Kmoveit::task_constructor::solvers::PipelinePlanner&&[m[K’
make[2]: *** [CMakeFiles/mtc_task_node.dir/build.make:63: CMakeFiles/mtc_task_node.dir/src/mtc_task_node.cpp.o] Error 1
make[1]: *** [CMakeFiles/Makefile2:2942: CMakeFiles/mtc_task_node.dir/all] Error 2
make: *** [Makefile:141: all] Error 2
