[  4%] Built target controller_manager_example
[ 25%] Built target bag_publisher_maintain_time
[ 25%] Built target pick_place_tutorial
[ 25%] Built target ros_api_tutorial
[ 27%] Built target interactivity_utils
[ 31%] Built target move_group_interface_tutorial
[ 45%] Built target detect_and_add_cylinder_collision_object_demo
[ 45%] Built target robot_model_and_robot_state_tutorial
[ 45%] Built target planning_scene_tutorial
[ 50%] Built target motion_planning_api_tutorial
[ 59%] Built target planning_scene_ros_api_tutorial
[ 59%] Built target motion_planning_pipeline_tutorial
[ 63%] Built target state_display_tutorial
[ 72%] Built target moveit_cpp_tutorial
[ 72%] Built target visualizing_collisions_tutorial
[ 77%] Built target subframes_tutorial
[ 86%] Built target lerp_example
[ 86%] Built target trajopt_example
[ 90%] Built target bullet_collision_checker_tutorial
[100%] Built target moveit_lerp_planner_plugin
