[  0%] Built target trajectory_msgs_generate_messages_nodejs
[  0%] Built target sensor_msgs_generate_messages_lisp
[  0%] Built target object_recognition_msgs_generate_messages_nodejs
[  0%] Built target octomap_msgs_generate_messages_py
[  0%] Built target object_recognition_msgs_generate_messages_lisp
[  0%] Built target object_recognition_msgs_generate_messages_eus
[  0%] Built target octomap_msgs_generate_messages_cpp
[  0%] Built target octomap_msgs_generate_messages_eus
[  0%] Built target trajectory_msgs_generate_messages_cpp
[  0%] Built target sensor_msgs_generate_messages_nodejs
[  0%] Built target _catkin_empty_exported_target
[  0%] Built target octomap_msgs_generate_messages_lisp
[  0%] Built target octomap_msgs_generate_messages_nodejs
[  0%] Built target actionlib_generate_messages_lisp
[  0%] Built target object_recognition_msgs_generate_messages_cpp
[  0%] Built target roscpp_generate_messages_lisp
[  0%] Built target shape_msgs_generate_messages_cpp
[  0%] Built target actionlib_generate_messages_cpp
[  0%] Built target actionlib_msgs_generate_messages_py
[  0%] Built target actionlib_msgs_generate_messages_cpp
[  0%] Built target rosgraph_msgs_generate_messages_nodejs
[  0%] Built target trajectory_msgs_generate_messages_lisp
[  0%] Built target object_recognition_msgs_generate_messages_py
[  0%] Built target actionlib_generate_messages_py
[  0%] Built target visualization_msgs_generate_messages_eus
[  0%] Built target tf2_msgs_generate_messages_py
[  0%] Built target shape_msgs_generate_messages_lisp
[  0%] Built target geometry_msgs_generate_messages_cpp
[  0%] Built target geometry_msgs_generate_messages_eus
[  0%] Built target moveit_msgs_generate_messages_py
[  0%] Built target geometry_msgs_generate_messages_py
[  0%] Built target std_msgs_generate_messages_nodejs
[  0%] Built target std_msgs_generate_messages_py
[  0%] Built target std_msgs_generate_messages_cpp
[  0%] Built target tf2_msgs_generate_messages_cpp
[  0%] Built target moveit_msgs_generate_messages_eus
[  0%] Built target sensor_msgs_generate_messages_py
[  0%] Built target actionlib_msgs_generate_messages_eus
[  0%] Built target roscpp_generate_messages_eus
[  0%] Built target tf2_msgs_generate_messages_eus
[  0%] Built target rosgraph_msgs_generate_messages_lisp
[  0%] Built target std_msgs_generate_messages_eus
[  0%] Built target geometry_msgs_generate_messages_nodejs
[  0%] Built target tf2_msgs_generate_messages_lisp
[  0%] Built target visualization_msgs_generate_messages_lisp
[  0%] Built target geometry_msgs_generate_messages_lisp
[  0%] Built target actionlib_msgs_generate_messages_nodejs
[  0%] Built target actionlib_msgs_generate_messages_lisp
[  0%] Built target shape_msgs_generate_messages_eus
[  0%] Built target std_msgs_generate_messages_lisp
[  0%] Built target tf2_msgs_generate_messages_nodejs
[  0%] Built target moveit_msgs_generate_messages_lisp
[  0%] Built target roscpp_generate_messages_cpp
[  0%] Built target actionlib_generate_messages_nodejs
[  0%] Built target trajectory_msgs_generate_messages_py
[  0%] Built target shape_msgs_generate_messages_nodejs
[  0%] Built target rosgraph_msgs_generate_messages_py
[  0%] Built target roscpp_generate_messages_nodejs
[  0%] Built target shape_msgs_generate_messages_py
[  0%] Built target trajectory_msgs_generate_messages_eus
[  0%] Built target rosgraph_msgs_generate_messages_eus
[  0%] Built target rosgraph_msgs_generate_messages_cpp
[  0%] Built target roscpp_generate_messages_py
[  0%] Built target actionlib_generate_messages_eus
[  0%] Built target moveit_msgs_generate_messages_cpp
[  0%] Built target visualization_msgs_generate_messages_py
[  1%] Built target visualization_msgs_generate_messages_cpp
[  1%] Built target sensor_msgs_generate_messages_cpp
[  1%] Built target sensor_msgs_generate_messages_eus
[  1%] Built target moveit_msgs_generate_messages_nodejs
[  1%] [34m[1mGenerating /home/wglockner/Automated-Grinding/Automated-Grinding/WWG/wwg_ws_cx/devel/.private/moveit_core/include/moveit/version.h, always_rebuild[0m
[  3%] Built target visualization_msgs_generate_messages_nodejs
[  3%] Built target gtest
[  4%] Built target moveit_background_processing
[  8%] Built target moveit_profiler
[  8%] Built target moveit_exceptions
--  *** Building MoveIt 1.1.15-devel ***
[  9%] Built target moveit_python_tools
[ 14%] Built target moveit_utils
[ 16%] Built target moveit_transforms
[ 17%] Built target moveit_kinematics_base
[ 22%] Built target moveit_distance_field
[ 22%] [34m[1mGenerating version.h[0m
[ 22%] Built target version_h
[35m[1mScanning dependencies of target moveit_version[0m
[ 32%] Built target moveit_robot_model
[ 32%] [32mBuilding CXX object version/CMakeFiles/moveit_version.dir/version.cpp.o[0m
[ 33%] Built target moveit_test_utils
[ 37%] Built target moveit_robot_state
[ 41%] Built target moveit_dynamics_solver
[ 41%] Built target robot_state_benchmark
[ 41%] Built target moveit_kinematics_metrics
[ 45%] Built target moveit_robot_trajectory
[ 54%] Built target moveit_collision_detection
[ 56%] Built target moveit_planning_interface
[ 62%] Built target moveit_trajectory_processing
[ 67%] Built target moveit_collision_detection_bullet
[ 70%] Built target moveit_collision_detection_fcl
[ 74%] Built target moveit_kinematic_constraints
[ 77%] Built target moveit_planning_scene
[ 79%] [32m[1mLinking CXX executable /home/wglockner/Automated-Grinding/Automated-Grinding/WWG/wwg_ws_cx/devel/.private/moveit_core/lib/moveit_core/moveit_version[0m
[ 83%] Built target collision_detector_fcl_plugin
[ 83%] Built target moveit_planning_request_adapter
[ 83%] Built target collision_detector_bullet_plugin
[ 90%] Built target pymoveit_core
[ 96%] Built target moveit_constraint_samplers
[100%] Built target moveit_collision_distance_field
[100%] Built target moveit_version
