[  0%] Built target octomap_msgs_generate_messages_cpp
[  0%] Built target octomap_msgs_generate_messages_nodejs
[  0%] Built target object_recognition_msgs_generate_messages_nodejs
[  0%] Built target trajectory_msgs_generate_messages_cpp
[  0%] Built target octomap_msgs_generate_messages_eus
[  0%] Built target octomap_msgs_generate_messages_lisp
[  0%] Built target sensor_msgs_generate_messages_nodejs
[  0%] Built target object_recognition_msgs_generate_messages_eus
[  0%] Built target trajectory_msgs_generate_messages_nodejs
[  0%] Built target sensor_msgs_generate_messages_lisp
[  0%] Built target object_recognition_msgs_generate_messages_cpp
[  0%] Built target octomap_msgs_generate_messages_py
[  0%] Built target object_recognition_msgs_generate_messages_lisp
[  0%] Built target _catkin_empty_exported_target
[  0%] Built target actionlib_generate_messages_lisp
[  0%] Built target roscpp_generate_messages_lisp
[  0%] Built target actionlib_msgs_generate_messages_cpp
[  0%] Built target shape_msgs_generate_messages_cpp
[  0%] Built target actionlib_generate_messages_cpp
[  0%] Built target shape_msgs_generate_messages_lisp
[  0%] Built target actionlib_generate_messages_py
[  0%] Built target rosgraph_msgs_generate_messages_nodejs
[  0%] Built target trajectory_msgs_generate_messages_lisp
[  0%] Built target actionlib_msgs_generate_messages_py
[  0%] Built target object_recognition_msgs_generate_messages_py
[  0%] Built target tf2_msgs_generate_messages_py
[  0%] Built target std_msgs_generate_messages_nodejs
[  0%] Built target std_msgs_generate_messages_py
[  0%] Built target tf2_msgs_generate_messages_cpp
[  0%] Built target std_msgs_generate_messages_cpp
[  0%] Built target moveit_msgs_generate_messages_py
[  0%] Built target visualization_msgs_generate_messages_eus
[  0%] Built target geometry_msgs_generate_messages_cpp
[  0%] Built target geometry_msgs_generate_messages_eus
[  0%] Built target moveit_msgs_generate_messages_eus
[  0%] Built target geometry_msgs_generate_messages_py
[  0%] Built target sensor_msgs_generate_messages_py
[  0%] Built target roscpp_generate_messages_eus
[  0%] Built target actionlib_msgs_generate_messages_eus
[  0%] Built target tf2_msgs_generate_messages_eus
[  0%] Built target rosgraph_msgs_generate_messages_lisp
[  0%] Built target tf2_msgs_generate_messages_lisp
[  0%] Built target geometry_msgs_generate_messages_lisp
[  0%] Built target geometry_msgs_generate_messages_nodejs
[  0%] Built target shape_msgs_generate_messages_eus
[  0%] Built target actionlib_msgs_generate_messages_nodejs
[  0%] Built target visualization_msgs_generate_messages_lisp
[  0%] Built target actionlib_msgs_generate_messages_lisp
[  0%] Built target std_msgs_generate_messages_lisp
[  0%] Built target std_msgs_generate_messages_eus
[  0%] Built target moveit_msgs_generate_messages_lisp
[  0%] Built target tf2_msgs_generate_messages_nodejs
[  0%] Built target roscpp_generate_messages_py
[  0%] Built target roscpp_generate_messages_nodejs
[  0%] Built target trajectory_msgs_generate_messages_eus
[  0%] Built target actionlib_generate_messages_nodejs
[  0%] Built target roscpp_generate_messages_cpp
[  0%] Built target rosgraph_msgs_generate_messages_py
[  0%] Built target shape_msgs_generate_messages_nodejs
[  0%] Built target rosgraph_msgs_generate_messages_eus
[  0%] Built target actionlib_generate_messages_eus
[  0%] Built target rosgraph_msgs_generate_messages_cpp
[  0%] Built target shape_msgs_generate_messages_py
[  0%] Built target trajectory_msgs_generate_messages_py
[  0%] Built target moveit_msgs_generate_messages_cpp
[  0%] Built target visualization_msgs_generate_messages_nodejs
[  0%] Built target moveit_msgs_generate_messages_nodejs
[  0%] Built target visualization_msgs_generate_messages_py
[  0%] Built target sensor_msgs_generate_messages_cpp
[  0%] Built target sensor_msgs_generate_messages_eus
[  0%] Built target visualization_msgs_generate_messages_cpp
[  1%] Built target moveit_exceptions
[  3%] [34m[1mGenerating /home/wglockner/Automated-Grinding/Automated-Grinding/WWG/wwg_ws_cx/devel/.private/moveit_core/include/moveit/version.h, always_rebuild[0m
[  4%] Built target gtest
[  6%] Built target moveit_profiler
[  8%] Built target moveit_background_processing
--  *** Building MoveIt 1.1.15-devel ***
[ 12%] Built target moveit_python_tools
[ 14%] Built target moveit_utils
[ 17%] Built target moveit_kinematics_base
[ 17%] Built target moveit_transforms
[ 20%] Built target moveit_distance_field
[ 22%] [34m[1mGenerating version.h[0m
[ 22%] Built target version_h
[35m[1mScanning dependencies of target moveit_version[0m
[ 22%] [32mBuilding CXX object version/CMakeFiles/moveit_version.dir/version.cpp.o[0m
[ 32%] Built target moveit_robot_model
[ 35%] Built target moveit_robot_state
[ 37%] Built target moveit_test_utils
[ 40%] Built target moveit_robot_trajectory
[ 41%] Built target moveit_kinematics_metrics
[ 43%] Built target robot_state_benchmark
[ 53%] Built target moveit_collision_detection
[ 54%] Built target moveit_dynamics_solver
[ 56%] Built target moveit_planning_interface
[ 59%] Built target moveit_collision_detection_fcl
[ 64%] Built target moveit_collision_detection_bullet
[ 70%] Built target moveit_trajectory_processing
[ 74%] Built target moveit_kinematic_constraints
[ 77%] Built target moveit_planning_scene
[ 80%] Built target collision_detector_bullet_plugin
[ 80%] Built target moveit_planning_request_adapter
[ 82%] Built target collision_detector_fcl_plugin
[ 91%] Built target moveit_collision_distance_field
[ 91%] Built target moveit_constraint_samplers
[ 98%] Built target pymoveit_core
[100%] [32m[1mLinking CXX executable /home/wglockner/Automated-Grinding/Automated-Grinding/WWG/wwg_ws_cx/devel/.private/moveit_core/lib/moveit_core/moveit_version[0m
[100%] Built target moveit_version
