Performing C SOURCE FILE Test CMAKE_HAVE_LIBC_PTHREAD failed with the following output:
Change Dir: /home/wglockner/Automated-Grinding/Automated-Grinding/WWG/wwg_ws_cx/build/khi_rs_ikfast_plugin/CMakeFiles/CMakeTmp

Run Build Command(s):/usr/bin/make cmTC_4a2b2/fast && /usr/bin/make -f CMakeFiles/cmTC_4a2b2.dir/build.make CMakeFiles/cmTC_4a2b2.dir/build
make[1]: Entering directory '/home/wglockner/Automated-Grinding/Automated-Grinding/WWG/wwg_ws_cx/build/khi_rs_ikfast_plugin/CMakeFiles/CMakeTmp'
Building C object CMakeFiles/cmTC_4a2b2.dir/src.c.o
/usr/bin/cc   -DCMAKE_HAVE_LIBC_PTHREAD   -o CMakeFiles/cmTC_4a2b2.dir/src.c.o   -c /home/wglockner/Automated-Grinding/Automated-Grinding/WWG/wwg_ws_cx/build/khi_rs_ikfast_plugin/CMakeFiles/CMakeTmp/src.c
Linking C executable cmTC_4a2b2
/usr/bin/cmake -E cmake_link_script CMakeFiles/cmTC_4a2b2.dir/link.txt --verbose=1
/usr/bin/cc  -DCMAKE_HAVE_LIBC_PTHREAD    -rdynamic CMakeFiles/cmTC_4a2b2.dir/src.c.o  -o cmTC_4a2b2 
/usr/bin/ld: CMakeFiles/cmTC_4a2b2.dir/src.c.o: in function `main':
src.c:(.text+0x46): undefined reference to `pthread_create'
/usr/bin/ld: src.c:(.text+0x52): undefined reference to `pthread_detach'
/usr/bin/ld: src.c:(.text+0x63): undefined reference to `pthread_join'
collect2: error: ld returned 1 exit status
make[1]: *** [CMakeFiles/cmTC_4a2b2.dir/build.make:87: cmTC_4a2b2] Error 1
make[1]: Leaving directory '/home/wglockner/Automated-Grinding/Automated-Grinding/WWG/wwg_ws_cx/build/khi_rs_ikfast_plugin/CMakeFiles/CMakeTmp'
make: *** [Makefile:121: cmTC_4a2b2/fast] Error 2


Source file was:
#include <pthread.h>

void* test_func(void* data)
{
  return data;
}

int main(void)
{
  pthread_t thread;
  pthread_create(&thread, NULL, test_func, NULL);
  pthread_detach(thread);
  pthread_join(thread, NULL);
  pthread_atfork(NULL, NULL, NULL);
  pthread_exit(NULL);

  return 0;
}

Determining if the function pthread_create exists in the pthreads failed with the following output:
Change Dir: /home/wglockner/Automated-Grinding/Automated-Grinding/WWG/wwg_ws_cx/build/khi_rs_ikfast_plugin/CMakeFiles/CMakeTmp

Run Build Command(s):/usr/bin/make cmTC_5aa90/fast && /usr/bin/make -f CMakeFiles/cmTC_5aa90.dir/build.make CMakeFiles/cmTC_5aa90.dir/build
make[1]: Entering directory '/home/wglockner/Automated-Grinding/Automated-Grinding/WWG/wwg_ws_cx/build/khi_rs_ikfast_plugin/CMakeFiles/CMakeTmp'
Building C object CMakeFiles/cmTC_5aa90.dir/CheckFunctionExists.c.o
/usr/bin/cc   -DCHECK_FUNCTION_EXISTS=pthread_create   -o CMakeFiles/cmTC_5aa90.dir/CheckFunctionExists.c.o   -c /usr/share/cmake-3.16/Modules/CheckFunctionExists.c
Linking C executable cmTC_5aa90
/usr/bin/cmake -E cmake_link_script CMakeFiles/cmTC_5aa90.dir/link.txt --verbose=1
/usr/bin/cc  -DCHECK_FUNCTION_EXISTS=pthread_create    -rdynamic CMakeFiles/cmTC_5aa90.dir/CheckFunctionExists.c.o  -o cmTC_5aa90  -lpthreads 
/usr/bin/ld: cannot find -lpthreads
collect2: error: ld returned 1 exit status
make[1]: *** [CMakeFiles/cmTC_5aa90.dir/build.make:87: cmTC_5aa90] Error 1
make[1]: Leaving directory '/home/wglockner/Automated-Grinding/Automated-Grinding/WWG/wwg_ws_cx/build/khi_rs_ikfast_plugin/CMakeFiles/CMakeTmp'
make: *** [Makefile:121: cmTC_5aa90/fast] Error 2



Determining if the function sgemm_ exists failed with the following output:
Change Dir: /home/wglockner/Automated-Grinding/Automated-Grinding/WWG/wwg_ws_cx/build/khi_rs_ikfast_plugin/CMakeFiles/CMakeTmp

Run Build Command(s):/usr/bin/make cmTC_377ed/fast && /usr/bin/make -f CMakeFiles/cmTC_377ed.dir/build.make CMakeFiles/cmTC_377ed.dir/build
make[1]: Entering directory '/home/wglockner/Automated-Grinding/Automated-Grinding/WWG/wwg_ws_cx/build/khi_rs_ikfast_plugin/CMakeFiles/CMakeTmp'
Building C object CMakeFiles/cmTC_377ed.dir/CheckFunctionExists.c.o
/usr/bin/cc   -DCHECK_FUNCTION_EXISTS=sgemm_   -o CMakeFiles/cmTC_377ed.dir/CheckFunctionExists.c.o   -c /usr/share/cmake-3.16/Modules/CheckFunctionExists.c
Linking C executable cmTC_377ed
/usr/bin/cmake -E cmake_link_script CMakeFiles/cmTC_377ed.dir/link.txt --verbose=1
/usr/bin/cc  -DCHECK_FUNCTION_EXISTS=sgemm_    -rdynamic CMakeFiles/cmTC_377ed.dir/CheckFunctionExists.c.o  -o cmTC_377ed 
/usr/bin/ld: CMakeFiles/cmTC_377ed.dir/CheckFunctionExists.c.o: in function `main':
CheckFunctionExists.c:(.text+0x14): undefined reference to `sgemm_'
collect2: error: ld returned 1 exit status
make[1]: *** [CMakeFiles/cmTC_377ed.dir/build.make:87: cmTC_377ed] Error 1
make[1]: Leaving directory '/home/wglockner/Automated-Grinding/Automated-Grinding/WWG/wwg_ws_cx/build/khi_rs_ikfast_plugin/CMakeFiles/CMakeTmp'
make: *** [Makefile:121: cmTC_377ed/fast] Error 2



Determining if the function cheev_ exists failed with the following output:
Change Dir: /home/wglockner/Automated-Grinding/Automated-Grinding/WWG/wwg_ws_cx/build/khi_rs_ikfast_plugin/CMakeFiles/CMakeTmp

Run Build Command(s):/usr/bin/make cmTC_b8562/fast && /usr/bin/make -f CMakeFiles/cmTC_b8562.dir/build.make CMakeFiles/cmTC_b8562.dir/build
make[1]: Entering directory '/home/wglockner/Automated-Grinding/Automated-Grinding/WWG/wwg_ws_cx/build/khi_rs_ikfast_plugin/CMakeFiles/CMakeTmp'
Building C object CMakeFiles/cmTC_b8562.dir/CheckFunctionExists.c.o
/usr/bin/cc   -DCHECK_FUNCTION_EXISTS=cheev_   -o CMakeFiles/cmTC_b8562.dir/CheckFunctionExists.c.o   -c /usr/share/cmake-3.16/Modules/CheckFunctionExists.c
Linking C executable cmTC_b8562
/usr/bin/cmake -E cmake_link_script CMakeFiles/cmTC_b8562.dir/link.txt --verbose=1
/usr/bin/cc  -DCHECK_FUNCTION_EXISTS=cheev_    -rdynamic CMakeFiles/cmTC_b8562.dir/CheckFunctionExists.c.o  -o cmTC_b8562  /usr/lib/x86_64-linux-gnu/libblas.so 
/usr/bin/ld: CMakeFiles/cmTC_b8562.dir/CheckFunctionExists.c.o: in function `main':
CheckFunctionExists.c:(.text+0x14): undefined reference to `cheev_'
collect2: error: ld returned 1 exit status
make[1]: *** [CMakeFiles/cmTC_b8562.dir/build.make:88: cmTC_b8562] Error 1
make[1]: Leaving directory '/home/wglockner/Automated-Grinding/Automated-Grinding/WWG/wwg_ws_cx/build/khi_rs_ikfast_plugin/CMakeFiles/CMakeTmp'
make: *** [Makefile:121: cmTC_b8562/fast] Error 2



