[01m[K/home/wglockner/Automated-Grinding/Automated-Grinding/JDH/jdh_ws_cx/src/my_mtc_package/src/my_mtc_task.cpp:[m[K In constructor ‘[01m[KMyMTCTask::MyMTCTask()[m[K’:
[01m[K/home/wglockner/Automated-Grinding/Automated-Grinding/JDH/jdh_ws_cx/src/my_mtc_package/src/my_mtc_task.cpp:19:11:[m[K [01;31m[Kerror: [m[K‘[01m[Kclass moveit::task_constructor::stages::Pick[m[K’ has no member named ‘[01m[KsetGroup[m[K’
   19 |     pick->[01;31m[KsetGroup[m[K("arm");
      |           [01;31m[K^~~~~~~~[m[K
[01m[K/home/wglockner/Automated-Grinding/Automated-Grinding/JDH/jdh_ws_cx/src/my_mtc_package/src/my_mtc_task.cpp:23:18:[m[K [01;31m[Kerror: [m[K‘[01m[KGrasp[m[K’ is not a member of ‘[01m[Kmoveit_msgs[m[K’
   23 |     moveit_msgs::[01;31m[KGrasp[m[K grasp;
      |                  [01;31m[K^~~~~[m[K
[01m[K/home/wglockner/Automated-Grinding/Automated-Grinding/JDH/jdh_ws_cx/src/my_mtc_package/src/my_mtc_task.cpp:26:43:[m[K [01;31m[Kerror: [m[K‘[01m[KGenerateGraspPose[m[K’ is not a member of ‘[01m[Kmoveit::task_constructor::stages[m[K’
   26 |     pick->insert(std::make_unique<stages::[01;31m[KGenerateGraspPose[m[K>("generate grasp pose"));
      |                                           [01;31m[K^~~~~~~~~~~~~~~~~[m[K
[01m[K/home/wglockner/Automated-Grinding/Automated-Grinding/JDH/jdh_ws_cx/src/my_mtc_package/src/my_mtc_task.cpp:26:43:[m[K [01;31m[Kerror: [m[K‘[01m[KGenerateGraspPose[m[K’ is not a member of ‘[01m[Kmoveit::task_constructor::stages[m[K’
[01m[K/home/wglockner/Automated-Grinding/Automated-Grinding/JDH/jdh_ws_cx/src/my_mtc_package/src/my_mtc_task.cpp:26:83:[m[K [01;31m[Kerror: [m[Kno matching function for call to ‘[01m[Kmake_unique<<expression error> >(const char [20])[m[K’
   26 |     pick->insert(std::make_unique<stages::GenerateGraspPose>("generate grasp pose"[01;31m[K)[m[K);
      |                                                                                   [01;31m[K^[m[K
In file included from [01m[K/usr/include/c++/9/memory:80[m[K,
                 from [01m[K/home/wglockner/Automated-Grinding/Automated-Grinding/JDH/jdh_ws_cx/devel/.private/moveit_task_constructor_msgs/include/moveit_task_constructor_msgs/TrajectoryExecutionInfo.h:11[m[K,
                 from [01m[K/home/wglockner/Automated-Grinding/Automated-Grinding/JDH/jdh_ws_cx/src/moveit_task_constructor/core/include/moveit/task_constructor/trajectory_execution_info.h:39[m[K,
                 from [01m[K/home/wglockner/Automated-Grinding/Automated-Grinding/JDH/jdh_ws_cx/src/moveit_task_constructor/core/include/moveit/task_constructor/stage.h:42[m[K,
                 from [01m[K/home/wglockner/Automated-Grinding/Automated-Grinding/JDH/jdh_ws_cx/src/moveit_task_constructor/core/include/moveit/task_constructor/container.h:41[m[K,
                 from [01m[K/home/wglockner/Automated-Grinding/Automated-Grinding/JDH/jdh_ws_cx/src/moveit_task_constructor/core/include/moveit/task_constructor/task.h:42[m[K,
                 from [01m[K/home/wglockner/Automated-Grinding/Automated-Grinding/JDH/jdh_ws_cx/src/my_mtc_package/include/my_mtc_package/my_mtc_task.h:4[m[K,
                 from [01m[K/home/wglockner/Automated-Grinding/Automated-Grinding/JDH/jdh_ws_cx/src/my_mtc_package/src/my_mtc_task.cpp:1[m[K:
[01m[K/usr/include/c++/9/bits/unique_ptr.h:856:5:[m[K [01;36m[Knote: [m[Kcandidate: ‘[01m[Ktemplate<class _Tp, class ... _Args> typename std::_MakeUniq<_Tp>::__single_object std::make_unique(_Args&& ...)[m[K’
  856 |     [01;36m[Kmake_unique[m[K(_Args&&... __args)
      |     [01;36m[K^~~~~~~~~~~[m[K
[01m[K/usr/include/c++/9/bits/unique_ptr.h:856:5:[m[K [01;36m[Knote: [m[K  template argument deduction/substitution failed:
[01m[K/home/wglockner/Automated-Grinding/Automated-Grinding/JDH/jdh_ws_cx/src/my_mtc_package/src/my_mtc_task.cpp:26:83:[m[K [01;31m[Kerror: [m[Ktemplate argument 1 is invalid
   26 |     pick->insert(std::make_unique<stages::GenerateGraspPose>("generate grasp pose"[01;31m[K)[m[K);
      |                                                                                   [01;31m[K^[m[K
In file included from [01m[K/usr/include/c++/9/memory:80[m[K,
                 from [01m[K/home/wglockner/Automated-Grinding/Automated-Grinding/JDH/jdh_ws_cx/devel/.private/moveit_task_constructor_msgs/include/moveit_task_constructor_msgs/TrajectoryExecutionInfo.h:11[m[K,
                 from [01m[K/home/wglockner/Automated-Grinding/Automated-Grinding/JDH/jdh_ws_cx/src/moveit_task_constructor/core/include/moveit/task_constructor/trajectory_execution_info.h:39[m[K,
                 from [01m[K/home/wglockner/Automated-Grinding/Automated-Grinding/JDH/jdh_ws_cx/src/moveit_task_constructor/core/include/moveit/task_constructor/stage.h:42[m[K,
                 from [01m[K/home/wglockner/Automated-Grinding/Automated-Grinding/JDH/jdh_ws_cx/src/moveit_task_constructor/core/include/moveit/task_constructor/container.h:41[m[K,
                 from [01m[K/home/wglockner/Automated-Grinding/Automated-Grinding/JDH/jdh_ws_cx/src/moveit_task_constructor/core/include/moveit/task_constructor/task.h:42[m[K,
                 from [01m[K/home/wglockner/Automated-Grinding/Automated-Grinding/JDH/jdh_ws_cx/src/my_mtc_package/include/my_mtc_package/my_mtc_task.h:4[m[K,
                 from [01m[K/home/wglockner/Automated-Grinding/Automated-Grinding/JDH/jdh_ws_cx/src/my_mtc_package/src/my_mtc_task.cpp:1[m[K:
[01m[K/usr/include/c++/9/bits/unique_ptr.h:862:5:[m[K [01;36m[Knote: [m[Kcandidate: ‘[01m[Ktemplate<class _Tp> typename std::_MakeUniq<_Tp>::__array std::make_unique(std::size_t)[m[K’
  862 |     [01;36m[Kmake_unique[m[K(size_t __num)
      |     [01;36m[K^~~~~~~~~~~[m[K
[01m[K/usr/include/c++/9/bits/unique_ptr.h:862:5:[m[K [01;36m[Knote: [m[K  template argument deduction/substitution failed:
[01m[K/home/wglockner/Automated-Grinding/Automated-Grinding/JDH/jdh_ws_cx/src/my_mtc_package/src/my_mtc_task.cpp:26:83:[m[K [01;31m[Kerror: [m[Ktemplate argument 1 is invalid
   26 |     pick->insert(std::make_unique<stages::GenerateGraspPose>("generate grasp pose"[01;31m[K)[m[K);
      |                                                                                   [01;31m[K^[m[K
In file included from [01m[K/usr/include/c++/9/memory:80[m[K,
                 from [01m[K/home/wglockner/Automated-Grinding/Automated-Grinding/JDH/jdh_ws_cx/devel/.private/moveit_task_constructor_msgs/include/moveit_task_constructor_msgs/TrajectoryExecutionInfo.h:11[m[K,
                 from [01m[K/home/wglockner/Automated-Grinding/Automated-Grinding/JDH/jdh_ws_cx/src/moveit_task_constructor/core/include/moveit/task_constructor/trajectory_execution_info.h:39[m[K,
                 from [01m[K/home/wglockner/Automated-Grinding/Automated-Grinding/JDH/jdh_ws_cx/src/moveit_task_constructor/core/include/moveit/task_constructor/stage.h:42[m[K,
                 from [01m[K/home/wglockner/Automated-Grinding/Automated-Grinding/JDH/jdh_ws_cx/src/moveit_task_constructor/core/include/moveit/task_constructor/container.h:41[m[K,
                 from [01m[K/home/wglockner/Automated-Grinding/Automated-Grinding/JDH/jdh_ws_cx/src/moveit_task_constructor/core/include/moveit/task_constructor/task.h:42[m[K,
                 from [01m[K/home/wglockner/Automated-Grinding/Automated-Grinding/JDH/jdh_ws_cx/src/my_mtc_package/include/my_mtc_package/my_mtc_task.h:4[m[K,
                 from [01m[K/home/wglockner/Automated-Grinding/Automated-Grinding/JDH/jdh_ws_cx/src/my_mtc_package/src/my_mtc_task.cpp:1[m[K:
[01m[K/usr/include/c++/9/bits/unique_ptr.h:868:5:[m[K [01;36m[Knote: [m[Kcandidate: ‘[01m[Ktemplate<class _Tp, class ... _Args> typename std::_MakeUniq<_Tp>::__invalid_type std::make_unique(_Args&& ...)[m[K’ <deleted>
  868 |     [01;36m[Kmake_unique[m[K(_Args&&...) = delete;
      |     [01;36m[K^~~~~~~~~~~[m[K
[01m[K/usr/include/c++/9/bits/unique_ptr.h:868:5:[m[K [01;36m[Knote: [m[K  template argument deduction/substitution failed:
[01m[K/home/wglockner/Automated-Grinding/Automated-Grinding/JDH/jdh_ws_cx/src/my_mtc_package/src/my_mtc_task.cpp:26:83:[m[K [01;31m[Kerror: [m[Ktemplate argument 1 is invalid
   26 |     pick->insert(std::make_unique<stages::GenerateGraspPose>("generate grasp pose"[01;31m[K)[m[K);
      |                                                                                   [01;31m[K^[m[K
[01m[K/home/wglockner/Automated-Grinding/Automated-Grinding/JDH/jdh_ws_cx/src/my_mtc_package/src/my_mtc_task.cpp:27:43:[m[K [01;31m[Kerror: [m[K‘[01m[KApproachObject[m[K’ is not a member of ‘[01m[Kmoveit::task_constructor::stages[m[K’
   27 |     pick->insert(std::make_unique<stages::[01;31m[KApproachObject[m[K>("approach object"));
      |                                           [01;31m[K^~~~~~~~~~~~~~[m[K
[01m[K/home/wglockner/Automated-Grinding/Automated-Grinding/JDH/jdh_ws_cx/src/my_mtc_package/src/my_mtc_task.cpp:27:43:[m[K [01;31m[Kerror: [m[K‘[01m[KApproachObject[m[K’ is not a member of ‘[01m[Kmoveit::task_constructor::stages[m[K’
[01m[K/home/wglockner/Automated-Grinding/Automated-Grinding/JDH/jdh_ws_cx/src/my_mtc_package/src/my_mtc_task.cpp:27:76:[m[K [01;31m[Kerror: [m[Kno matching function for call to ‘[01m[Kmake_unique<<expression error> >(const char [16])[m[K’
   27 |     pick->insert(std::make_unique<stages::ApproachObject>("approach object"[01;31m[K)[m[K);
      |                                                                            [01;31m[K^[m[K
In file included from [01m[K/usr/include/c++/9/memory:80[m[K,
                 from [01m[K/home/wglockner/Automated-Grinding/Automated-Grinding/JDH/jdh_ws_cx/devel/.private/moveit_task_constructor_msgs/include/moveit_task_constructor_msgs/TrajectoryExecutionInfo.h:11[m[K,
                 from [01m[K/home/wglockner/Automated-Grinding/Automated-Grinding/JDH/jdh_ws_cx/src/moveit_task_constructor/core/include/moveit/task_constructor/trajectory_execution_info.h:39[m[K,
                 from [01m[K/home/wglockner/Automated-Grinding/Automated-Grinding/JDH/jdh_ws_cx/src/moveit_task_constructor/core/include/moveit/task_constructor/stage.h:42[m[K,
                 from [01m[K/home/wglockner/Automated-Grinding/Automated-Grinding/JDH/jdh_ws_cx/src/moveit_task_constructor/core/include/moveit/task_constructor/container.h:41[m[K,
                 from [01m[K/home/wglockner/Automated-Grinding/Automated-Grinding/JDH/jdh_ws_cx/src/moveit_task_constructor/core/include/moveit/task_constructor/task.h:42[m[K,
                 from [01m[K/home/wglockner/Automated-Grinding/Automated-Grinding/JDH/jdh_ws_cx/src/my_mtc_package/include/my_mtc_package/my_mtc_task.h:4[m[K,
                 from [01m[K/home/wglockner/Automated-Grinding/Automated-Grinding/JDH/jdh_ws_cx/src/my_mtc_package/src/my_mtc_task.cpp:1[m[K:
[01m[K/usr/include/c++/9/bits/unique_ptr.h:856:5:[m[K [01;36m[Knote: [m[Kcandidate: ‘[01m[Ktemplate<class _Tp, class ... _Args> typename std::_MakeUniq<_Tp>::__single_object std::make_unique(_Args&& ...)[m[K’
  856 |     [01;36m[Kmake_unique[m[K(_Args&&... __args)
      |     [01;36m[K^~~~~~~~~~~[m[K
[01m[K/usr/include/c++/9/bits/unique_ptr.h:856:5:[m[K [01;36m[Knote: [m[K  template argument deduction/substitution failed:
[01m[K/home/wglockner/Automated-Grinding/Automated-Grinding/JDH/jdh_ws_cx/src/my_mtc_package/src/my_mtc_task.cpp:27:76:[m[K [01;31m[Kerror: [m[Ktemplate argument 1 is invalid
   27 |     pick->insert(std::make_unique<stages::ApproachObject>("approach object"[01;31m[K)[m[K);
      |                                                                            [01;31m[K^[m[K
In file included from [01m[K/usr/include/c++/9/memory:80[m[K,
                 from [01m[K/home/wglockner/Automated-Grinding/Automated-Grinding/JDH/jdh_ws_cx/devel/.private/moveit_task_constructor_msgs/include/moveit_task_constructor_msgs/TrajectoryExecutionInfo.h:11[m[K,
                 from [01m[K/home/wglockner/Automated-Grinding/Automated-Grinding/JDH/jdh_ws_cx/src/moveit_task_constructor/core/include/moveit/task_constructor/trajectory_execution_info.h:39[m[K,
                 from [01m[K/home/wglockner/Automated-Grinding/Automated-Grinding/JDH/jdh_ws_cx/src/moveit_task_constructor/core/include/moveit/task_constructor/stage.h:42[m[K,
                 from [01m[K/home/wglockner/Automated-Grinding/Automated-Grinding/JDH/jdh_ws_cx/src/moveit_task_constructor/core/include/moveit/task_constructor/container.h:41[m[K,
                 from [01m[K/home/wglockner/Automated-Grinding/Automated-Grinding/JDH/jdh_ws_cx/src/moveit_task_constructor/core/include/moveit/task_constructor/task.h:42[m[K,
                 from [01m[K/home/wglockner/Automated-Grinding/Automated-Grinding/JDH/jdh_ws_cx/src/my_mtc_package/include/my_mtc_package/my_mtc_task.h:4[m[K,
                 from [01m[K/home/wglockner/Automated-Grinding/Automated-Grinding/JDH/jdh_ws_cx/src/my_mtc_package/src/my_mtc_task.cpp:1[m[K:
[01m[K/usr/include/c++/9/bits/unique_ptr.h:862:5:[m[K [01;36m[Knote: [m[Kcandidate: ‘[01m[Ktemplate<class _Tp> typename std::_MakeUniq<_Tp>::__array std::make_unique(std::size_t)[m[K’
  862 |     [01;36m[Kmake_unique[m[K(size_t __num)
      |     [01;36m[K^~~~~~~~~~~[m[K
[01m[K/usr/include/c++/9/bits/unique_ptr.h:862:5:[m[K [01;36m[Knote: [m[K  template argument deduction/substitution failed:
[01m[K/home/wglockner/Automated-Grinding/Automated-Grinding/JDH/jdh_ws_cx/src/my_mtc_package/src/my_mtc_task.cpp:27:76:[m[K [01;31m[Kerror: [m[Ktemplate argument 1 is invalid
   27 |     pick->insert(std::make_unique<stages::ApproachObject>("approach object"[01;31m[K)[m[K);
      |                                                                            [01;31m[K^[m[K
In file included from [01m[K/usr/include/c++/9/memory:80[m[K,
                 from [01m[K/home/wglockner/Automated-Grinding/Automated-Grinding/JDH/jdh_ws_cx/devel/.private/moveit_task_constructor_msgs/include/moveit_task_constructor_msgs/TrajectoryExecutionInfo.h:11[m[K,
                 from [01m[K/home/wglockner/Automated-Grinding/Automated-Grinding/JDH/jdh_ws_cx/src/moveit_task_constructor/core/include/moveit/task_constructor/trajectory_execution_info.h:39[m[K,
                 from [01m[K/home/wglockner/Automated-Grinding/Automated-Grinding/JDH/jdh_ws_cx/src/moveit_task_constructor/core/include/moveit/task_constructor/stage.h:42[m[K,
                 from [01m[K/home/wglockner/Automated-Grinding/Automated-Grinding/JDH/jdh_ws_cx/src/moveit_task_constructor/core/include/moveit/task_constructor/container.h:41[m[K,
                 from [01m[K/home/wglockner/Automated-Grinding/Automated-Grinding/JDH/jdh_ws_cx/src/moveit_task_constructor/core/include/moveit/task_constructor/task.h:42[m[K,
                 from [01m[K/home/wglockner/Automated-Grinding/Automated-Grinding/JDH/jdh_ws_cx/src/my_mtc_package/include/my_mtc_package/my_mtc_task.h:4[m[K,
                 from [01m[K/home/wglockner/Automated-Grinding/Automated-Grinding/JDH/jdh_ws_cx/src/my_mtc_package/src/my_mtc_task.cpp:1[m[K:
[01m[K/usr/include/c++/9/bits/unique_ptr.h:868:5:[m[K [01;36m[Knote: [m[Kcandidate: ‘[01m[Ktemplate<class _Tp, class ... _Args> typename std::_MakeUniq<_Tp>::__invalid_type std::make_unique(_Args&& ...)[m[K’ <deleted>
  868 |     [01;36m[Kmake_unique[m[K(_Args&&...) = delete;
      |     [01;36m[K^~~~~~~~~~~[m[K
[01m[K/usr/include/c++/9/bits/unique_ptr.h:868:5:[m[K [01;36m[Knote: [m[K  template argument deduction/substitution failed:
[01m[K/home/wglockner/Automated-Grinding/Automated-Grinding/JDH/jdh_ws_cx/src/my_mtc_package/src/my_mtc_task.cpp:27:76:[m[K [01;31m[Kerror: [m[Ktemplate argument 1 is invalid
   27 |     pick->insert(std::make_unique<stages::ApproachObject>("approach object"[01;31m[K)[m[K);
      |                                                                            [01;31m[K^[m[K
[01m[K/home/wglockner/Automated-Grinding/Automated-Grinding/JDH/jdh_ws_cx/src/my_mtc_package/src/my_mtc_task.cpp:28:43:[m[K [01;31m[Kerror: [m[K‘[01m[KGrasp[m[K’ is not a member of ‘[01m[Kmoveit::task_constructor::stages[m[K’
   28 |     pick->insert(std::make_unique<stages::[01;31m[KGrasp[m[K>("grasp object"));
      |                                           [01;31m[K^~~~~[m[K
[01m[K/home/wglockner/Automated-Grinding/Automated-Grinding/JDH/jdh_ws_cx/src/my_mtc_package/src/my_mtc_task.cpp:28:43:[m[K [01;31m[Kerror: [m[K‘[01m[KGrasp[m[K’ is not a member of ‘[01m[Kmoveit::task_constructor::stages[m[K’
[01m[K/home/wglockner/Automated-Grinding/Automated-Grinding/JDH/jdh_ws_cx/src/my_mtc_package/src/my_mtc_task.cpp:28:64:[m[K [01;31m[Kerror: [m[Kno matching function for call to ‘[01m[Kmake_unique<<expression error> >(const char [13])[m[K’
   28 |     pick->insert(std::make_unique<stages::Grasp>("grasp object"[01;31m[K)[m[K);
      |                                                                [01;31m[K^[m[K
In file included from [01m[K/usr/include/c++/9/memory:80[m[K,
                 from [01m[K/home/wglockner/Automated-Grinding/Automated-Grinding/JDH/jdh_ws_cx/devel/.private/moveit_task_constructor_msgs/include/moveit_task_constructor_msgs/TrajectoryExecutionInfo.h:11[m[K,
                 from [01m[K/home/wglockner/Automated-Grinding/Automated-Grinding/JDH/jdh_ws_cx/src/moveit_task_constructor/core/include/moveit/task_constructor/trajectory_execution_info.h:39[m[K,
                 from [01m[K/home/wglockner/Automated-Grinding/Automated-Grinding/JDH/jdh_ws_cx/src/moveit_task_constructor/core/include/moveit/task_constructor/stage.h:42[m[K,
                 from [01m[K/home/wglockner/Automated-Grinding/Automated-Grinding/JDH/jdh_ws_cx/src/moveit_task_constructor/core/include/moveit/task_constructor/container.h:41[m[K,
                 from [01m[K/home/wglockner/Automated-Grinding/Automated-Grinding/JDH/jdh_ws_cx/src/moveit_task_constructor/core/include/moveit/task_constructor/task.h:42[m[K,
                 from [01m[K/home/wglockner/Automated-Grinding/Automated-Grinding/JDH/jdh_ws_cx/src/my_mtc_package/include/my_mtc_package/my_mtc_task.h:4[m[K,
                 from [01m[K/home/wglockner/Automated-Grinding/Automated-Grinding/JDH/jdh_ws_cx/src/my_mtc_package/src/my_mtc_task.cpp:1[m[K:
[01m[K/usr/include/c++/9/bits/unique_ptr.h:856:5:[m[K [01;36m[Knote: [m[Kcandidate: ‘[01m[Ktemplate<class _Tp, class ... _Args> typename std::_MakeUniq<_Tp>::__single_object std::make_unique(_Args&& ...)[m[K’
  856 |     [01;36m[Kmake_unique[m[K(_Args&&... __args)
      |     [01;36m[K^~~~~~~~~~~[m[K
[01m[K/usr/include/c++/9/bits/unique_ptr.h:856:5:[m[K [01;36m[Knote: [m[K  template argument deduction/substitution failed:
[01m[K/home/wglockner/Automated-Grinding/Automated-Grinding/JDH/jdh_ws_cx/src/my_mtc_package/src/my_mtc_task.cpp:28:64:[m[K [01;31m[Kerror: [m[Ktemplate argument 1 is invalid
   28 |     pick->insert(std::make_unique<stages::Grasp>("grasp object"[01;31m[K)[m[K);
      |                                                                [01;31m[K^[m[K
In file included from [01m[K/usr/include/c++/9/memory:80[m[K,
                 from [01m[K/home/wglockner/Automated-Grinding/Automated-Grinding/JDH/jdh_ws_cx/devel/.private/moveit_task_constructor_msgs/include/moveit_task_constructor_msgs/TrajectoryExecutionInfo.h:11[m[K,
                 from [01m[K/home/wglockner/Automated-Grinding/Automated-Grinding/JDH/jdh_ws_cx/src/moveit_task_constructor/core/include/moveit/task_constructor/trajectory_execution_info.h:39[m[K,
                 from [01m[K/home/wglockner/Automated-Grinding/Automated-Grinding/JDH/jdh_ws_cx/src/moveit_task_constructor/core/include/moveit/task_constructor/stage.h:42[m[K,
                 from [01m[K/home/wglockner/Automated-Grinding/Automated-Grinding/JDH/jdh_ws_cx/src/moveit_task_constructor/core/include/moveit/task_constructor/container.h:41[m[K,
                 from [01m[K/home/wglockner/Automated-Grinding/Automated-Grinding/JDH/jdh_ws_cx/src/moveit_task_constructor/core/include/moveit/task_constructor/task.h:42[m[K,
                 from [01m[K/home/wglockner/Automated-Grinding/Automated-Grinding/JDH/jdh_ws_cx/src/my_mtc_package/include/my_mtc_package/my_mtc_task.h:4[m[K,
                 from [01m[K/home/wglockner/Automated-Grinding/Automated-Grinding/JDH/jdh_ws_cx/src/my_mtc_package/src/my_mtc_task.cpp:1[m[K:
[01m[K/usr/include/c++/9/bits/unique_ptr.h:862:5:[m[K [01;36m[Knote: [m[Kcandidate: ‘[01m[Ktemplate<class _Tp> typename std::_MakeUniq<_Tp>::__array std::make_unique(std::size_t)[m[K’
  862 |     [01;36m[Kmake_unique[m[K(size_t __num)
      |     [01;36m[K^~~~~~~~~~~[m[K
[01m[K/usr/include/c++/9/bits/unique_ptr.h:862:5:[m[K [01;36m[Knote: [m[K  template argument deduction/substitution failed:
[01m[K/home/wglockner/Automated-Grinding/Automated-Grinding/JDH/jdh_ws_cx/src/my_mtc_package/src/my_mtc_task.cpp:28:64:[m[K [01;31m[Kerror: [m[Ktemplate argument 1 is invalid
   28 |     pick->insert(std::make_unique<stages::Grasp>("grasp object"[01;31m[K)[m[K);
      |                                                                [01;31m[K^[m[K
In file included from [01m[K/usr/include/c++/9/memory:80[m[K,
                 from [01m[K/home/wglockner/Automated-Grinding/Automated-Grinding/JDH/jdh_ws_cx/devel/.private/moveit_task_constructor_msgs/include/moveit_task_constructor_msgs/TrajectoryExecutionInfo.h:11[m[K,
                 from [01m[K/home/wglockner/Automated-Grinding/Automated-Grinding/JDH/jdh_ws_cx/src/moveit_task_constructor/core/include/moveit/task_constructor/trajectory_execution_info.h:39[m[K,
                 from [01m[K/home/wglockner/Automated-Grinding/Automated-Grinding/JDH/jdh_ws_cx/src/moveit_task_constructor/core/include/moveit/task_constructor/stage.h:42[m[K,
                 from [01m[K/home/wglockner/Automated-Grinding/Automated-Grinding/JDH/jdh_ws_cx/src/moveit_task_constructor/core/include/moveit/task_constructor/container.h:41[m[K,
                 from [01m[K/home/wglockner/Automated-Grinding/Automated-Grinding/JDH/jdh_ws_cx/src/moveit_task_constructor/core/include/moveit/task_constructor/task.h:42[m[K,
                 from [01m[K/home/wglockner/Automated-Grinding/Automated-Grinding/JDH/jdh_ws_cx/src/my_mtc_package/include/my_mtc_package/my_mtc_task.h:4[m[K,
                 from [01m[K/home/wglockner/Automated-Grinding/Automated-Grinding/JDH/jdh_ws_cx/src/my_mtc_package/src/my_mtc_task.cpp:1[m[K:
[01m[K/usr/include/c++/9/bits/unique_ptr.h:868:5:[m[K [01;36m[Knote: [m[Kcandidate: ‘[01m[Ktemplate<class _Tp, class ... _Args> typename std::_MakeUniq<_Tp>::__invalid_type std::make_unique(_Args&& ...)[m[K’ <deleted>
  868 |     [01;36m[Kmake_unique[m[K(_Args&&...) = delete;
      |     [01;36m[K^~~~~~~~~~~[m[K
[01m[K/usr/include/c++/9/bits/unique_ptr.h:868:5:[m[K [01;36m[Knote: [m[K  template argument deduction/substitution failed:
[01m[K/home/wglockner/Automated-Grinding/Automated-Grinding/JDH/jdh_ws_cx/src/my_mtc_package/src/my_mtc_task.cpp:28:64:[m[K [01;31m[Kerror: [m[Ktemplate argument 1 is invalid
   28 |     pick->insert(std::make_unique<stages::Grasp>("grasp object"[01;31m[K)[m[K);
      |                                                                [01;31m[K^[m[K
[01m[K/home/wglockner/Automated-Grinding/Automated-Grinding/JDH/jdh_ws_cx/src/my_mtc_package/src/my_mtc_task.cpp:29:43:[m[K [01;31m[Kerror: [m[K‘[01m[KLiftObject[m[K’ is not a member of ‘[01m[Kmoveit::task_constructor::stages[m[K’
   29 |     pick->insert(std::make_unique<stages::[01;31m[KLiftObject[m[K>("lift object"));
      |                                           [01;31m[K^~~~~~~~~~[m[K
[01m[K/home/wglockner/Automated-Grinding/Automated-Grinding/JDH/jdh_ws_cx/src/my_mtc_package/src/my_mtc_task.cpp:29:43:[m[K [01;31m[Kerror: [m[K‘[01m[KLiftObject[m[K’ is not a member of ‘[01m[Kmoveit::task_constructor::stages[m[K’
[01m[K/home/wglockner/Automated-Grinding/Automated-Grinding/JDH/jdh_ws_cx/src/my_mtc_package/src/my_mtc_task.cpp:29:68:[m[K [01;31m[Kerror: [m[Kno matching function for call to ‘[01m[Kmake_unique<<expression error> >(const char [12])[m[K’
   29 |     pick->insert(std::make_unique<stages::LiftObject>("lift object"[01;31m[K)[m[K);
      |                                                                    [01;31m[K^[m[K
In file included from [01m[K/usr/include/c++/9/memory:80[m[K,
                 from [01m[K/home/wglockner/Automated-Grinding/Automated-Grinding/JDH/jdh_ws_cx/devel/.private/moveit_task_constructor_msgs/include/moveit_task_constructor_msgs/TrajectoryExecutionInfo.h:11[m[K,
                 from [01m[K/home/wglockner/Automated-Grinding/Automated-Grinding/JDH/jdh_ws_cx/src/moveit_task_constructor/core/include/moveit/task_constructor/trajectory_execution_info.h:39[m[K,
                 from [01m[K/home/wglockner/Automated-Grinding/Automated-Grinding/JDH/jdh_ws_cx/src/moveit_task_constructor/core/include/moveit/task_constructor/stage.h:42[m[K,
                 from [01m[K/home/wglockner/Automated-Grinding/Automated-Grinding/JDH/jdh_ws_cx/src/moveit_task_constructor/core/include/moveit/task_constructor/container.h:41[m[K,
                 from [01m[K/home/wglockner/Automated-Grinding/Automated-Grinding/JDH/jdh_ws_cx/src/moveit_task_constructor/core/include/moveit/task_constructor/task.h:42[m[K,
                 from [01m[K/home/wglockner/Automated-Grinding/Automated-Grinding/JDH/jdh_ws_cx/src/my_mtc_package/include/my_mtc_package/my_mtc_task.h:4[m[K,
                 from [01m[K/home/wglockner/Automated-Grinding/Automated-Grinding/JDH/jdh_ws_cx/src/my_mtc_package/src/my_mtc_task.cpp:1[m[K:
[01m[K/usr/include/c++/9/bits/unique_ptr.h:856:5:[m[K [01;36m[Knote: [m[Kcandidate: ‘[01m[Ktemplate<class _Tp, class ... _Args> typename std::_MakeUniq<_Tp>::__single_object std::make_unique(_Args&& ...)[m[K’
  856 |     [01;36m[Kmake_unique[m[K(_Args&&... __args)
      |     [01;36m[K^~~~~~~~~~~[m[K
[01m[K/usr/include/c++/9/bits/unique_ptr.h:856:5:[m[K [01;36m[Knote: [m[K  template argument deduction/substitution failed:
[01m[K/home/wglockner/Automated-Grinding/Automated-Grinding/JDH/jdh_ws_cx/src/my_mtc_package/src/my_mtc_task.cpp:29:68:[m[K [01;31m[Kerror: [m[Ktemplate argument 1 is invalid
   29 |     pick->insert(std::make_unique<stages::LiftObject>("lift object"[01;31m[K)[m[K);
      |                                                                    [01;31m[K^[m[K
In file included from [01m[K/usr/include/c++/9/memory:80[m[K,
                 from [01m[K/home/wglockner/Automated-Grinding/Automated-Grinding/JDH/jdh_ws_cx/devel/.private/moveit_task_constructor_msgs/include/moveit_task_constructor_msgs/TrajectoryExecutionInfo.h:11[m[K,
                 from [01m[K/home/wglockner/Automated-Grinding/Automated-Grinding/JDH/jdh_ws_cx/src/moveit_task_constructor/core/include/moveit/task_constructor/trajectory_execution_info.h:39[m[K,
                 from [01m[K/home/wglockner/Automated-Grinding/Automated-Grinding/JDH/jdh_ws_cx/src/moveit_task_constructor/core/include/moveit/task_constructor/stage.h:42[m[K,
                 from [01m[K/home/wglockner/Automated-Grinding/Automated-Grinding/JDH/jdh_ws_cx/src/moveit_task_constructor/core/include/moveit/task_constructor/container.h:41[m[K,
                 from [01m[K/home/wglockner/Automated-Grinding/Automated-Grinding/JDH/jdh_ws_cx/src/moveit_task_constructor/core/include/moveit/task_constructor/task.h:42[m[K,
                 from [01m[K/home/wglockner/Automated-Grinding/Automated-Grinding/JDH/jdh_ws_cx/src/my_mtc_package/include/my_mtc_package/my_mtc_task.h:4[m[K,
                 from [01m[K/home/wglockner/Automated-Grinding/Automated-Grinding/JDH/jdh_ws_cx/src/my_mtc_package/src/my_mtc_task.cpp:1[m[K:
[01m[K/usr/include/c++/9/bits/unique_ptr.h:862:5:[m[K [01;36m[Knote: [m[Kcandidate: ‘[01m[Ktemplate<class _Tp> typename std::_MakeUniq<_Tp>::__array std::make_unique(std::size_t)[m[K’
  862 |     [01;36m[Kmake_unique[m[K(size_t __num)
      |     [01;36m[K^~~~~~~~~~~[m[K
[01m[K/usr/include/c++/9/bits/unique_ptr.h:862:5:[m[K [01;36m[Knote: [m[K  template argument deduction/substitution failed:
[01m[K/home/wglockner/Automated-Grinding/Automated-Grinding/JDH/jdh_ws_cx/src/my_mtc_package/src/my_mtc_task.cpp:29:68:[m[K [01;31m[Kerror: [m[Ktemplate argument 1 is invalid
   29 |     pick->insert(std::make_unique<stages::LiftObject>("lift object"[01;31m[K)[m[K);
      |                                                                    [01;31m[K^[m[K
In file included from [01m[K/usr/include/c++/9/memory:80[m[K,
                 from [01m[K/home/wglockner/Automated-Grinding/Automated-Grinding/JDH/jdh_ws_cx/devel/.private/moveit_task_constructor_msgs/include/moveit_task_constructor_msgs/TrajectoryExecutionInfo.h:11[m[K,
                 from [01m[K/home/wglockner/Automated-Grinding/Automated-Grinding/JDH/jdh_ws_cx/src/moveit_task_constructor/core/include/moveit/task_constructor/trajectory_execution_info.h:39[m[K,
                 from [01m[K/home/wglockner/Automated-Grinding/Automated-Grinding/JDH/jdh_ws_cx/src/moveit_task_constructor/core/include/moveit/task_constructor/stage.h:42[m[K,
                 from [01m[K/home/wglockner/Automated-Grinding/Automated-Grinding/JDH/jdh_ws_cx/src/moveit_task_constructor/core/include/moveit/task_constructor/container.h:41[m[K,
                 from [01m[K/home/wglockner/Automated-Grinding/Automated-Grinding/JDH/jdh_ws_cx/src/moveit_task_constructor/core/include/moveit/task_constructor/task.h:42[m[K,
                 from [01m[K/home/wglockner/Automated-Grinding/Automated-Grinding/JDH/jdh_ws_cx/src/my_mtc_package/include/my_mtc_package/my_mtc_task.h:4[m[K,
                 from [01m[K/home/wglockner/Automated-Grinding/Automated-Grinding/JDH/jdh_ws_cx/src/my_mtc_package/src/my_mtc_task.cpp:1[m[K:
[01m[K/usr/include/c++/9/bits/unique_ptr.h:868:5:[m[K [01;36m[Knote: [m[Kcandidate: ‘[01m[Ktemplate<class _Tp, class ... _Args> typename std::_MakeUniq<_Tp>::__invalid_type std::make_unique(_Args&& ...)[m[K’ <deleted>
  868 |     [01;36m[Kmake_unique[m[K(_Args&&...) = delete;
      |     [01;36m[K^~~~~~~~~~~[m[K
[01m[K/usr/include/c++/9/bits/unique_ptr.h:868:5:[m[K [01;36m[Knote: [m[K  template argument deduction/substitution failed:
[01m[K/home/wglockner/Automated-Grinding/Automated-Grinding/JDH/jdh_ws_cx/src/my_mtc_package/src/my_mtc_task.cpp:29:68:[m[K [01;31m[Kerror: [m[Ktemplate argument 1 is invalid
   29 |     pick->insert(std::make_unique<stages::LiftObject>("lift object"[01;31m[K)[m[K);
      |                                                                    [01;31m[K^[m[K
[01m[K/home/wglockner/Automated-Grinding/Automated-Grinding/JDH/jdh_ws_cx/src/my_mtc_package/src/my_mtc_task.cpp:37:12:[m[K [01;31m[Kerror: [m[K‘[01m[Kclass moveit::task_constructor::stages::Place[m[K’ has no member named ‘[01m[KsetGroup[m[K’
   37 |     place->[01;31m[KsetGroup[m[K("arm");
      |            [01;31m[K^~~~~~~~[m[K
[01m[K/home/wglockner/Automated-Grinding/Automated-Grinding/JDH/jdh_ws_cx/src/my_mtc_package/src/my_mtc_task.cpp:41:18:[m[K [01;31m[Kerror: [m[K‘[01m[KPlaceLocation[m[K’ is not a member of ‘[01m[Kmoveit_msgs[m[K’
   41 |     moveit_msgs::[01;31m[KPlaceLocation[m[K place_location;
      |                  [01;31m[K^~~~~~~~~~~~~[m[K
[01m[K/home/wglockner/Automated-Grinding/Automated-Grinding/JDH/jdh_ws_cx/src/my_mtc_package/src/my_mtc_task.cpp:44:44:[m[K [01;31m[Kerror: [m[K‘[01m[KGeneratePlacePose[m[K’ is not a member of ‘[01m[Kmoveit::task_constructor::stages[m[K’
   44 |     place->insert(std::make_unique<stages::[01;31m[KGeneratePlacePose[m[K>("generate place pose"));
      |                                            [01;31m[K^~~~~~~~~~~~~~~~~[m[K
[01m[K/home/wglockner/Automated-Grinding/Automated-Grinding/JDH/jdh_ws_cx/src/my_mtc_package/src/my_mtc_task.cpp:44:44:[m[K [01;31m[Kerror: [m[K‘[01m[KGeneratePlacePose[m[K’ is not a member of ‘[01m[Kmoveit::task_constructor::stages[m[K’
[01m[K/home/wglockner/Automated-Grinding/Automated-Grinding/JDH/jdh_ws_cx/src/my_mtc_package/src/my_mtc_task.cpp:44:84:[m[K [01;31m[Kerror: [m[Kno matching function for call to ‘[01m[Kmake_unique<<expression error> >(const char [20])[m[K’
   44 |     place->insert(std::make_unique<stages::GeneratePlacePose>("generate place pose"[01;31m[K)[m[K);
      |                                                                                    [01;31m[K^[m[K
In file included from [01m[K/usr/include/c++/9/memory:80[m[K,
                 from [01m[K/home/wglockner/Automated-Grinding/Automated-Grinding/JDH/jdh_ws_cx/devel/.private/moveit_task_constructor_msgs/include/moveit_task_constructor_msgs/TrajectoryExecutionInfo.h:11[m[K,
                 from [01m[K/home/wglockner/Automated-Grinding/Automated-Grinding/JDH/jdh_ws_cx/src/moveit_task_constructor/core/include/moveit/task_constructor/trajectory_execution_info.h:39[m[K,
                 from [01m[K/home/wglockner/Automated-Grinding/Automated-Grinding/JDH/jdh_ws_cx/src/moveit_task_constructor/core/include/moveit/task_constructor/stage.h:42[m[K,
                 from [01m[K/home/wglockner/Automated-Grinding/Automated-Grinding/JDH/jdh_ws_cx/src/moveit_task_constructor/core/include/moveit/task_constructor/container.h:41[m[K,
                 from [01m[K/home/wglockner/Automated-Grinding/Automated-Grinding/JDH/jdh_ws_cx/src/moveit_task_constructor/core/include/moveit/task_constructor/task.h:42[m[K,
                 from [01m[K/home/wglockner/Automated-Grinding/Automated-Grinding/JDH/jdh_ws_cx/src/my_mtc_package/include/my_mtc_package/my_mtc_task.h:4[m[K,
                 from [01m[K/home/wglockner/Automated-Grinding/Automated-Grinding/JDH/jdh_ws_cx/src/my_mtc_package/src/my_mtc_task.cpp:1[m[K:
[01m[K/usr/include/c++/9/bits/unique_ptr.h:856:5:[m[K [01;36m[Knote: [m[Kcandidate: ‘[01m[Ktemplate<class _Tp, class ... _Args> typename std::_MakeUniq<_Tp>::__single_object std::make_unique(_Args&& ...)[m[K’
  856 |     [01;36m[Kmake_unique[m[K(_Args&&... __args)
      |     [01;36m[K^~~~~~~~~~~[m[K
[01m[K/usr/include/c++/9/bits/unique_ptr.h:856:5:[m[K [01;36m[Knote: [m[K  template argument deduction/substitution failed:
[01m[K/home/wglockner/Automated-Grinding/Automated-Grinding/JDH/jdh_ws_cx/src/my_mtc_package/src/my_mtc_task.cpp:44:84:[m[K [01;31m[Kerror: [m[Ktemplate argument 1 is invalid
   44 |     place->insert(std::make_unique<stages::GeneratePlacePose>("generate place pose"[01;31m[K)[m[K);
      |                                                                                    [01;31m[K^[m[K
In file included from [01m[K/usr/include/c++/9/memory:80[m[K,
                 from [01m[K/home/wglockner/Automated-Grinding/Automated-Grinding/JDH/jdh_ws_cx/devel/.private/moveit_task_constructor_msgs/include/moveit_task_constructor_msgs/TrajectoryExecutionInfo.h:11[m[K,
                 from [01m[K/home/wglockner/Automated-Grinding/Automated-Grinding/JDH/jdh_ws_cx/src/moveit_task_constructor/core/include/moveit/task_constructor/trajectory_execution_info.h:39[m[K,
                 from [01m[K/home/wglockner/Automated-Grinding/Automated-Grinding/JDH/jdh_ws_cx/src/moveit_task_constructor/core/include/moveit/task_constructor/stage.h:42[m[K,
                 from [01m[K/home/wglockner/Automated-Grinding/Automated-Grinding/JDH/jdh_ws_cx/src/moveit_task_constructor/core/include/moveit/task_constructor/container.h:41[m[K,
                 from [01m[K/home/wglockner/Automated-Grinding/Automated-Grinding/JDH/jdh_ws_cx/src/moveit_task_constructor/core/include/moveit/task_constructor/task.h:42[m[K,
                 from [01m[K/home/wglockner/Automated-Grinding/Automated-Grinding/JDH/jdh_ws_cx/src/my_mtc_package/include/my_mtc_package/my_mtc_task.h:4[m[K,
                 from [01m[K/home/wglockner/Automated-Grinding/Automated-Grinding/JDH/jdh_ws_cx/src/my_mtc_package/src/my_mtc_task.cpp:1[m[K:
[01m[K/usr/include/c++/9/bits/unique_ptr.h:862:5:[m[K [01;36m[Knote: [m[Kcandidate: ‘[01m[Ktemplate<class _Tp> typename std::_MakeUniq<_Tp>::__array std::make_unique(std::size_t)[m[K’
  862 |     [01;36m[Kmake_unique[m[K(size_t __num)
      |     [01;36m[K^~~~~~~~~~~[m[K
[01m[K/usr/include/c++/9/bits/unique_ptr.h:862:5:[m[K [01;36m[Knote: [m[K  template argument deduction/substitution failed:
[01m[K/home/wglockner/Automated-Grinding/Automated-Grinding/JDH/jdh_ws_cx/src/my_mtc_package/src/my_mtc_task.cpp:44:84:[m[K [01;31m[Kerror: [m[Ktemplate argument 1 is invalid
   44 |     place->insert(std::make_unique<stages::GeneratePlacePose>("generate place pose"[01;31m[K)[m[K);
      |                                                                                    [01;31m[K^[m[K
In file included from [01m[K/usr/include/c++/9/memory:80[m[K,
                 from [01m[K/home/wglockner/Automated-Grinding/Automated-Grinding/JDH/jdh_ws_cx/devel/.private/moveit_task_constructor_msgs/include/moveit_task_constructor_msgs/TrajectoryExecutionInfo.h:11[m[K,
                 from [01m[K/home/wglockner/Automated-Grinding/Automated-Grinding/JDH/jdh_ws_cx/src/moveit_task_constructor/core/include/moveit/task_constructor/trajectory_execution_info.h:39[m[K,
                 from [01m[K/home/wglockner/Automated-Grinding/Automated-Grinding/JDH/jdh_ws_cx/src/moveit_task_constructor/core/include/moveit/task_constructor/stage.h:42[m[K,
                 from [01m[K/home/wglockner/Automated-Grinding/Automated-Grinding/JDH/jdh_ws_cx/src/moveit_task_constructor/core/include/moveit/task_constructor/container.h:41[m[K,
                 from [01m[K/home/wglockner/Automated-Grinding/Automated-Grinding/JDH/jdh_ws_cx/src/moveit_task_constructor/core/include/moveit/task_constructor/task.h:42[m[K,
                 from [01m[K/home/wglockner/Automated-Grinding/Automated-Grinding/JDH/jdh_ws_cx/src/my_mtc_package/include/my_mtc_package/my_mtc_task.h:4[m[K,
                 from [01m[K/home/wglockner/Automated-Grinding/Automated-Grinding/JDH/jdh_ws_cx/src/my_mtc_package/src/my_mtc_task.cpp:1[m[K:
[01m[K/usr/include/c++/9/bits/unique_ptr.h:868:5:[m[K [01;36m[Knote: [m[Kcandidate: ‘[01m[Ktemplate<class _Tp, class ... _Args> typename std::_MakeUniq<_Tp>::__invalid_type std::make_unique(_Args&& ...)[m[K’ <deleted>
  868 |     [01;36m[Kmake_unique[m[K(_Args&&...) = delete;
      |     [01;36m[K^~~~~~~~~~~[m[K
[01m[K/usr/include/c++/9/bits/unique_ptr.h:868:5:[m[K [01;36m[Knote: [m[K  template argument deduction/substitution failed:
[01m[K/home/wglockner/Automated-Grinding/Automated-Grinding/JDH/jdh_ws_cx/src/my_mtc_package/src/my_mtc_task.cpp:44:84:[m[K [01;31m[Kerror: [m[Ktemplate argument 1 is invalid
   44 |     place->insert(std::make_unique<stages::GeneratePlacePose>("generate place pose"[01;31m[K)[m[K);
      |                                                                                    [01;31m[K^[m[K
[01m[K/home/wglockner/Automated-Grinding/Automated-Grinding/JDH/jdh_ws_cx/src/my_mtc_package/src/my_mtc_task.cpp:45:44:[m[K [01;31m[Kerror: [m[K‘[01m[KApproachPlace[m[K’ is not a member of ‘[01m[Kmoveit::task_constructor::stages[m[K’
   45 |     place->insert(std::make_unique<stages::[01;31m[KApproachPlace[m[K>("approach place"));
      |                                            [01;31m[K^~~~~~~~~~~~~[m[K
[01m[K/home/wglockner/Automated-Grinding/Automated-Grinding/JDH/jdh_ws_cx/src/my_mtc_package/src/my_mtc_task.cpp:45:44:[m[K [01;31m[Kerror: [m[K‘[01m[KApproachPlace[m[K’ is not a member of ‘[01m[Kmoveit::task_constructor::stages[m[K’
[01m[K/home/wglockner/Automated-Grinding/Automated-Grinding/JDH/jdh_ws_cx/src/my_mtc_package/src/my_mtc_task.cpp:45:75:[m[K [01;31m[Kerror: [m[Kno matching function for call to ‘[01m[Kmake_unique<<expression error> >(const char [15])[m[K’
   45 |     place->insert(std::make_unique<stages::ApproachPlace>("approach place"[01;31m[K)[m[K);
      |                                                                           [01;31m[K^[m[K
In file included from [01m[K/usr/include/c++/9/memory:80[m[K,
                 from [01m[K/home/wglockner/Automated-Grinding/Automated-Grinding/JDH/jdh_ws_cx/devel/.private/moveit_task_constructor_msgs/include/moveit_task_constructor_msgs/TrajectoryExecutionInfo.h:11[m[K,
                 from [01m[K/home/wglockner/Automated-Grinding/Automated-Grinding/JDH/jdh_ws_cx/src/moveit_task_constructor/core/include/moveit/task_constructor/trajectory_execution_info.h:39[m[K,
                 from [01m[K/home/wglockner/Automated-Grinding/Automated-Grinding/JDH/jdh_ws_cx/src/moveit_task_constructor/core/include/moveit/task_constructor/stage.h:42[m[K,
                 from [01m[K/home/wglockner/Automated-Grinding/Automated-Grinding/JDH/jdh_ws_cx/src/moveit_task_constructor/core/include/moveit/task_constructor/container.h:41[m[K,
                 from [01m[K/home/wglockner/Automated-Grinding/Automated-Grinding/JDH/jdh_ws_cx/src/moveit_task_constructor/core/include/moveit/task_constructor/task.h:42[m[K,
                 from [01m[K/home/wglockner/Automated-Grinding/Automated-Grinding/JDH/jdh_ws_cx/src/my_mtc_package/include/my_mtc_package/my_mtc_task.h:4[m[K,
                 from [01m[K/home/wglockner/Automated-Grinding/Automated-Grinding/JDH/jdh_ws_cx/src/my_mtc_package/src/my_mtc_task.cpp:1[m[K:
[01m[K/usr/include/c++/9/bits/unique_ptr.h:856:5:[m[K [01;36m[Knote: [m[Kcandidate: ‘[01m[Ktemplate<class _Tp, class ... _Args> typename std::_MakeUniq<_Tp>::__single_object std::make_unique(_Args&& ...)[m[K’
  856 |     [01;36m[Kmake_unique[m[K(_Args&&... __args)
      |     [01;36m[K^~~~~~~~~~~[m[K
[01m[K/usr/include/c++/9/bits/unique_ptr.h:856:5:[m[K [01;36m[Knote: [m[K  template argument deduction/substitution failed:
[01m[K/home/wglockner/Automated-Grinding/Automated-Grinding/JDH/jdh_ws_cx/src/my_mtc_package/src/my_mtc_task.cpp:45:75:[m[K [01;31m[Kerror: [m[Ktemplate argument 1 is invalid
   45 |     place->insert(std::make_unique<stages::ApproachPlace>("approach place"[01;31m[K)[m[K);
      |                                                                           [01;31m[K^[m[K
In file included from [01m[K/usr/include/c++/9/memory:80[m[K,
                 from [01m[K/home/wglockner/Automated-Grinding/Automated-Grinding/JDH/jdh_ws_cx/devel/.private/moveit_task_constructor_msgs/include/moveit_task_constructor_msgs/TrajectoryExecutionInfo.h:11[m[K,
                 from [01m[K/home/wglockner/Automated-Grinding/Automated-Grinding/JDH/jdh_ws_cx/src/moveit_task_constructor/core/include/moveit/task_constructor/trajectory_execution_info.h:39[m[K,
                 from [01m[K/home/wglockner/Automated-Grinding/Automated-Grinding/JDH/jdh_ws_cx/src/moveit_task_constructor/core/include/moveit/task_constructor/stage.h:42[m[K,
                 from [01m[K/home/wglockner/Automated-Grinding/Automated-Grinding/JDH/jdh_ws_cx/src/moveit_task_constructor/core/include/moveit/task_constructor/container.h:41[m[K,
                 from [01m[K/home/wglockner/Automated-Grinding/Automated-Grinding/JDH/jdh_ws_cx/src/moveit_task_constructor/core/include/moveit/task_constructor/task.h:42[m[K,
                 from [01m[K/home/wglockner/Automated-Grinding/Automated-Grinding/JDH/jdh_ws_cx/src/my_mtc_package/include/my_mtc_package/my_mtc_task.h:4[m[K,
                 from [01m[K/home/wglockner/Automated-Grinding/Automated-Grinding/JDH/jdh_ws_cx/src/my_mtc_package/src/my_mtc_task.cpp:1[m[K:
[01m[K/usr/include/c++/9/bits/unique_ptr.h:862:5:[m[K [01;36m[Knote: [m[Kcandidate: ‘[01m[Ktemplate<class _Tp> typename std::_MakeUniq<_Tp>::__array std::make_unique(std::size_t)[m[K’
  862 |     [01;36m[Kmake_unique[m[K(size_t __num)
      |     [01;36m[K^~~~~~~~~~~[m[K
[01m[K/usr/include/c++/9/bits/unique_ptr.h:862:5:[m[K [01;36m[Knote: [m[K  template argument deduction/substitution failed:
[01m[K/home/wglockner/Automated-Grinding/Automated-Grinding/JDH/jdh_ws_cx/src/my_mtc_package/src/my_mtc_task.cpp:45:75:[m[K [01;31m[Kerror: [m[Ktemplate argument 1 is invalid
   45 |     place->insert(std::make_unique<stages::ApproachPlace>("approach place"[01;31m[K)[m[K);
      |                                                                           [01;31m[K^[m[K
In file included from [01m[K/usr/include/c++/9/memory:80[m[K,
                 from [01m[K/home/wglockner/Automated-Grinding/Automated-Grinding/JDH/jdh_ws_cx/devel/.private/moveit_task_constructor_msgs/include/moveit_task_constructor_msgs/TrajectoryExecutionInfo.h:11[m[K,
                 from [01m[K/home/wglockner/Automated-Grinding/Automated-Grinding/JDH/jdh_ws_cx/src/moveit_task_constructor/core/include/moveit/task_constructor/trajectory_execution_info.h:39[m[K,
                 from [01m[K/home/wglockner/Automated-Grinding/Automated-Grinding/JDH/jdh_ws_cx/src/moveit_task_constructor/core/include/moveit/task_constructor/stage.h:42[m[K,
                 from [01m[K/home/wglockner/Automated-Grinding/Automated-Grinding/JDH/jdh_ws_cx/src/moveit_task_constructor/core/include/moveit/task_constructor/container.h:41[m[K,
                 from [01m[K/home/wglockner/Automated-Grinding/Automated-Grinding/JDH/jdh_ws_cx/src/moveit_task_constructor/core/include/moveit/task_constructor/task.h:42[m[K,
                 from [01m[K/home/wglockner/Automated-Grinding/Automated-Grinding/JDH/jdh_ws_cx/src/my_mtc_package/include/my_mtc_package/my_mtc_task.h:4[m[K,
                 from [01m[K/home/wglockner/Automated-Grinding/Automated-Grinding/JDH/jdh_ws_cx/src/my_mtc_package/src/my_mtc_task.cpp:1[m[K:
[01m[K/usr/include/c++/9/bits/unique_ptr.h:868:5:[m[K [01;36m[Knote: [m[Kcandidate: ‘[01m[Ktemplate<class _Tp, class ... _Args> typename std::_MakeUniq<_Tp>::__invalid_type std::make_unique(_Args&& ...)[m[K’ <deleted>
  868 |     [01;36m[Kmake_unique[m[K(_Args&&...) = delete;
      |     [01;36m[K^~~~~~~~~~~[m[K
[01m[K/usr/include/c++/9/bits/unique_ptr.h:868:5:[m[K [01;36m[Knote: [m[K  template argument deduction/substitution failed:
[01m[K/home/wglockner/Automated-Grinding/Automated-Grinding/JDH/jdh_ws_cx/src/my_mtc_package/src/my_mtc_task.cpp:45:75:[m[K [01;31m[Kerror: [m[Ktemplate argument 1 is invalid
   45 |     place->insert(std::make_unique<stages::ApproachPlace>("approach place"[01;31m[K)[m[K);
      |                                                                           [01;31m[K^[m[K
[01m[K/home/wglockner/Automated-Grinding/Automated-Grinding/JDH/jdh_ws_cx/src/my_mtc_package/src/my_mtc_task.cpp:46:44:[m[K [01;31m[Kerror: [m[K‘[01m[KPlaceObject[m[K’ is not a member of ‘[01m[Kmoveit::task_constructor::stages[m[K’
   46 |     place->insert(std::make_unique<stages::[01;31m[KPlaceObject[m[K>("place object"));
      |                                            [01;31m[K^~~~~~~~~~~[m[K
[01m[K/home/wglockner/Automated-Grinding/Automated-Grinding/JDH/jdh_ws_cx/src/my_mtc_package/src/my_mtc_task.cpp:46:44:[m[K [01;31m[Kerror: [m[K‘[01m[KPlaceObject[m[K’ is not a member of ‘[01m[Kmoveit::task_constructor::stages[m[K’
[01m[K/home/wglockner/Automated-Grinding/Automated-Grinding/JDH/jdh_ws_cx/src/my_mtc_package/src/my_mtc_task.cpp:46:71:[m[K [01;31m[Kerror: [m[Kno matching function for call to ‘[01m[Kmake_unique<<expression error> >(const char [13])[m[K’
   46 |     place->insert(std::make_unique<stages::PlaceObject>("place object"[01;31m[K)[m[K);
      |                                                                       [01;31m[K^[m[K
In file included from [01m[K/usr/include/c++/9/memory:80[m[K,
                 from [01m[K/home/wglockner/Automated-Grinding/Automated-Grinding/JDH/jdh_ws_cx/devel/.private/moveit_task_constructor_msgs/include/moveit_task_constructor_msgs/TrajectoryExecutionInfo.h:11[m[K,
                 from [01m[K/home/wglockner/Automated-Grinding/Automated-Grinding/JDH/jdh_ws_cx/src/moveit_task_constructor/core/include/moveit/task_constructor/trajectory_execution_info.h:39[m[K,
                 from [01m[K/home/wglockner/Automated-Grinding/Automated-Grinding/JDH/jdh_ws_cx/src/moveit_task_constructor/core/include/moveit/task_constructor/stage.h:42[m[K,
                 from [01m[K/home/wglockner/Automated-Grinding/Automated-Grinding/JDH/jdh_ws_cx/src/moveit_task_constructor/core/include/moveit/task_constructor/container.h:41[m[K,
                 from [01m[K/home/wglockner/Automated-Grinding/Automated-Grinding/JDH/jdh_ws_cx/src/moveit_task_constructor/core/include/moveit/task_constructor/task.h:42[m[K,
                 from [01m[K/home/wglockner/Automated-Grinding/Automated-Grinding/JDH/jdh_ws_cx/src/my_mtc_package/include/my_mtc_package/my_mtc_task.h:4[m[K,
                 from [01m[K/home/wglockner/Automated-Grinding/Automated-Grinding/JDH/jdh_ws_cx/src/my_mtc_package/src/my_mtc_task.cpp:1[m[K:
[01m[K/usr/include/c++/9/bits/unique_ptr.h:856:5:[m[K [01;36m[Knote: [m[Kcandidate: ‘[01m[Ktemplate<class _Tp, class ... _Args> typename std::_MakeUniq<_Tp>::__single_object std::make_unique(_Args&& ...)[m[K’
  856 |     [01;36m[Kmake_unique[m[K(_Args&&... __args)
      |     [01;36m[K^~~~~~~~~~~[m[K
[01m[K/usr/include/c++/9/bits/unique_ptr.h:856:5:[m[K [01;36m[Knote: [m[K  template argument deduction/substitution failed:
[01m[K/home/wglockner/Automated-Grinding/Automated-Grinding/JDH/jdh_ws_cx/src/my_mtc_package/src/my_mtc_task.cpp:46:71:[m[K [01;31m[Kerror: [m[Ktemplate argument 1 is invalid
   46 |     place->insert(std::make_unique<stages::PlaceObject>("place object"[01;31m[K)[m[K);
      |                                                                       [01;31m[K^[m[K
In file included from [01m[K/usr/include/c++/9/memory:80[m[K,
                 from [01m[K/home/wglockner/Automated-Grinding/Automated-Grinding/JDH/jdh_ws_cx/devel/.private/moveit_task_constructor_msgs/include/moveit_task_constructor_msgs/TrajectoryExecutionInfo.h:11[m[K,
                 from [01m[K/home/wglockner/Automated-Grinding/Automated-Grinding/JDH/jdh_ws_cx/src/moveit_task_constructor/core/include/moveit/task_constructor/trajectory_execution_info.h:39[m[K,
                 from [01m[K/home/wglockner/Automated-Grinding/Automated-Grinding/JDH/jdh_ws_cx/src/moveit_task_constructor/core/include/moveit/task_constructor/stage.h:42[m[K,
                 from [01m[K/home/wglockner/Automated-Grinding/Automated-Grinding/JDH/jdh_ws_cx/src/moveit_task_constructor/core/include/moveit/task_constructor/container.h:41[m[K,
                 from [01m[K/home/wglockner/Automated-Grinding/Automated-Grinding/JDH/jdh_ws_cx/src/moveit_task_constructor/core/include/moveit/task_constructor/task.h:42[m[K,
                 from [01m[K/home/wglockner/Automated-Grinding/Automated-Grinding/JDH/jdh_ws_cx/src/my_mtc_package/include/my_mtc_package/my_mtc_task.h:4[m[K,
                 from [01m[K/home/wglockner/Automated-Grinding/Automated-Grinding/JDH/jdh_ws_cx/src/my_mtc_package/src/my_mtc_task.cpp:1[m[K:
[01m[K/usr/include/c++/9/bits/unique_ptr.h:862:5:[m[K [01;36m[Knote: [m[Kcandidate: ‘[01m[Ktemplate<class _Tp> typename std::_MakeUniq<_Tp>::__array std::make_unique(std::size_t)[m[K’
  862 |     [01;36m[Kmake_unique[m[K(size_t __num)
      |     [01;36m[K^~~~~~~~~~~[m[K
[01m[K/usr/include/c++/9/bits/unique_ptr.h:862:5:[m[K [01;36m[Knote: [m[K  template argument deduction/substitution failed:
[01m[K/home/wglockner/Automated-Grinding/Automated-Grinding/JDH/jdh_ws_cx/src/my_mtc_package/src/my_mtc_task.cpp:46:71:[m[K [01;31m[Kerror: [m[Ktemplate argument 1 is invalid
   46 |     place->insert(std::make_unique<stages::PlaceObject>("place object"[01;31m[K)[m[K);
      |                                                                       [01;31m[K^[m[K
In file included from [01m[K/usr/include/c++/9/memory:80[m[K,
                 from [01m[K/home/wglockner/Automated-Grinding/Automated-Grinding/JDH/jdh_ws_cx/devel/.private/moveit_task_constructor_msgs/include/moveit_task_constructor_msgs/TrajectoryExecutionInfo.h:11[m[K,
                 from [01m[K/home/wglockner/Automated-Grinding/Automated-Grinding/JDH/jdh_ws_cx/src/moveit_task_constructor/core/include/moveit/task_constructor/trajectory_execution_info.h:39[m[K,
                 from [01m[K/home/wglockner/Automated-Grinding/Automated-Grinding/JDH/jdh_ws_cx/src/moveit_task_constructor/core/include/moveit/task_constructor/stage.h:42[m[K,
                 from [01m[K/home/wglockner/Automated-Grinding/Automated-Grinding/JDH/jdh_ws_cx/src/moveit_task_constructor/core/include/moveit/task_constructor/container.h:41[m[K,
                 from [01m[K/home/wglockner/Automated-Grinding/Automated-Grinding/JDH/jdh_ws_cx/src/moveit_task_constructor/core/include/moveit/task_constructor/task.h:42[m[K,
                 from [01m[K/home/wglockner/Automated-Grinding/Automated-Grinding/JDH/jdh_ws_cx/src/my_mtc_package/include/my_mtc_package/my_mtc_task.h:4[m[K,
                 from [01m[K/home/wglockner/Automated-Grinding/Automated-Grinding/JDH/jdh_ws_cx/src/my_mtc_package/src/my_mtc_task.cpp:1[m[K:
[01m[K/usr/include/c++/9/bits/unique_ptr.h:868:5:[m[K [01;36m[Knote: [m[Kcandidate: ‘[01m[Ktemplate<class _Tp, class ... _Args> typename std::_MakeUniq<_Tp>::__invalid_type std::make_unique(_Args&& ...)[m[K’ <deleted>
  868 |     [01;36m[Kmake_unique[m[K(_Args&&...) = delete;
      |     [01;36m[K^~~~~~~~~~~[m[K
[01m[K/usr/include/c++/9/bits/unique_ptr.h:868:5:[m[K [01;36m[Knote: [m[K  template argument deduction/substitution failed:
[01m[K/home/wglockner/Automated-Grinding/Automated-Grinding/JDH/jdh_ws_cx/src/my_mtc_package/src/my_mtc_task.cpp:46:71:[m[K [01;31m[Kerror: [m[Ktemplate argument 1 is invalid
   46 |     place->insert(std::make_unique<stages::PlaceObject>("place object"[01;31m[K)[m[K);
      |                                                                       [01;31m[K^[m[K
[01m[K/home/wglockner/Automated-Grinding/Automated-Grinding/JDH/jdh_ws_cx/src/my_mtc_package/src/my_mtc_task.cpp:47:44:[m[K [01;31m[Kerror: [m[K‘[01m[KRetreatAfterPlace[m[K’ is not a member of ‘[01m[Kmoveit::task_constructor::stages[m[K’
   47 |     place->insert(std::make_unique<stages::[01;31m[KRetreatAfterPlace[m[K>("retreat after place"));
      |                                            [01;31m[K^~~~~~~~~~~~~~~~~[m[K
[01m[K/home/wglockner/Automated-Grinding/Automated-Grinding/JDH/jdh_ws_cx/src/my_mtc_package/src/my_mtc_task.cpp:47:44:[m[K [01;31m[Kerror: [m[K‘[01m[KRetreatAfterPlace[m[K’ is not a member of ‘[01m[Kmoveit::task_constructor::stages[m[K’
[01m[K/home/wglockner/Automated-Grinding/Automated-Grinding/JDH/jdh_ws_cx/src/my_mtc_package/src/my_mtc_task.cpp:47:84:[m[K [01;31m[Kerror: [m[Kno matching function for call to ‘[01m[Kmake_unique<<expression error> >(const char [20])[m[K’
   47 |     place->insert(std::make_unique<stages::RetreatAfterPlace>("retreat after place"[01;31m[K)[m[K);
      |                                                                                    [01;31m[K^[m[K
In file included from [01m[K/usr/include/c++/9/memory:80[m[K,
                 from [01m[K/home/wglockner/Automated-Grinding/Automated-Grinding/JDH/jdh_ws_cx/devel/.private/moveit_task_constructor_msgs/include/moveit_task_constructor_msgs/TrajectoryExecutionInfo.h:11[m[K,
                 from [01m[K/home/wglockner/Automated-Grinding/Automated-Grinding/JDH/jdh_ws_cx/src/moveit_task_constructor/core/include/moveit/task_constructor/trajectory_execution_info.h:39[m[K,
                 from [01m[K/home/wglockner/Automated-Grinding/Automated-Grinding/JDH/jdh_ws_cx/src/moveit_task_constructor/core/include/moveit/task_constructor/stage.h:42[m[K,
                 from [01m[K/home/wglockner/Automated-Grinding/Automated-Grinding/JDH/jdh_ws_cx/src/moveit_task_constructor/core/include/moveit/task_constructor/container.h:41[m[K,
                 from [01m[K/home/wglockner/Automated-Grinding/Automated-Grinding/JDH/jdh_ws_cx/src/moveit_task_constructor/core/include/moveit/task_constructor/task.h:42[m[K,
                 from [01m[K/home/wglockner/Automated-Grinding/Automated-Grinding/JDH/jdh_ws_cx/src/my_mtc_package/include/my_mtc_package/my_mtc_task.h:4[m[K,
                 from [01m[K/home/wglockner/Automated-Grinding/Automated-Grinding/JDH/jdh_ws_cx/src/my_mtc_package/src/my_mtc_task.cpp:1[m[K:
[01m[K/usr/include/c++/9/bits/unique_ptr.h:856:5:[m[K [01;36m[Knote: [m[Kcandidate: ‘[01m[Ktemplate<class _Tp, class ... _Args> typename std::_MakeUniq<_Tp>::__single_object std::make_unique(_Args&& ...)[m[K’
  856 |     [01;36m[Kmake_unique[m[K(_Args&&... __args)
      |     [01;36m[K^~~~~~~~~~~[m[K
[01m[K/usr/include/c++/9/bits/unique_ptr.h:856:5:[m[K [01;36m[Knote: [m[K  template argument deduction/substitution failed:
[01m[K/home/wglockner/Automated-Grinding/Automated-Grinding/JDH/jdh_ws_cx/src/my_mtc_package/src/my_mtc_task.cpp:47:84:[m[K [01;31m[Kerror: [m[Ktemplate argument 1 is invalid
   47 |     place->insert(std::make_unique<stages::RetreatAfterPlace>("retreat after place"[01;31m[K)[m[K);
      |                                                                                    [01;31m[K^[m[K
In file included from [01m[K/usr/include/c++/9/memory:80[m[K,
                 from [01m[K/home/wglockner/Automated-Grinding/Automated-Grinding/JDH/jdh_ws_cx/devel/.private/moveit_task_constructor_msgs/include/moveit_task_constructor_msgs/TrajectoryExecutionInfo.h:11[m[K,
                 from [01m[K/home/wglockner/Automated-Grinding/Automated-Grinding/JDH/jdh_ws_cx/src/moveit_task_constructor/core/include/moveit/task_constructor/trajectory_execution_info.h:39[m[K,
                 from [01m[K/home/wglockner/Automated-Grinding/Automated-Grinding/JDH/jdh_ws_cx/src/moveit_task_constructor/core/include/moveit/task_constructor/stage.h:42[m[K,
                 from [01m[K/home/wglockner/Automated-Grinding/Automated-Grinding/JDH/jdh_ws_cx/src/moveit_task_constructor/core/include/moveit/task_constructor/container.h:41[m[K,
                 from [01m[K/home/wglockner/Automated-Grinding/Automated-Grinding/JDH/jdh_ws_cx/src/moveit_task_constructor/core/include/moveit/task_constructor/task.h:42[m[K,
                 from [01m[K/home/wglockner/Automated-Grinding/Automated-Grinding/JDH/jdh_ws_cx/src/my_mtc_package/include/my_mtc_package/my_mtc_task.h:4[m[K,
                 from [01m[K/home/wglockner/Automated-Grinding/Automated-Grinding/JDH/jdh_ws_cx/src/my_mtc_package/src/my_mtc_task.cpp:1[m[K:
[01m[K/usr/include/c++/9/bits/unique_ptr.h:862:5:[m[K [01;36m[Knote: [m[Kcandidate: ‘[01m[Ktemplate<class _Tp> typename std::_MakeUniq<_Tp>::__array std::make_unique(std::size_t)[m[K’
  862 |     [01;36m[Kmake_unique[m[K(size_t __num)
      |     [01;36m[K^~~~~~~~~~~[m[K
[01m[K/usr/include/c++/9/bits/unique_ptr.h:862:5:[m[K [01;36m[Knote: [m[K  template argument deduction/substitution failed:
[01m[K/home/wglockner/Automated-Grinding/Automated-Grinding/JDH/jdh_ws_cx/src/my_mtc_package/src/my_mtc_task.cpp:47:84:[m[K [01;31m[Kerror: [m[Ktemplate argument 1 is invalid
   47 |     place->insert(std::make_unique<stages::RetreatAfterPlace>("retreat after place"[01;31m[K)[m[K);
      |                                                                                    [01;31m[K^[m[K
In file included from [01m[K/usr/include/c++/9/memory:80[m[K,
                 from [01m[K/home/wglockner/Automated-Grinding/Automated-Grinding/JDH/jdh_ws_cx/devel/.private/moveit_task_constructor_msgs/include/moveit_task_constructor_msgs/TrajectoryExecutionInfo.h:11[m[K,
                 from [01m[K/home/wglockner/Automated-Grinding/Automated-Grinding/JDH/jdh_ws_cx/src/moveit_task_constructor/core/include/moveit/task_constructor/trajectory_execution_info.h:39[m[K,
                 from [01m[K/home/wglockner/Automated-Grinding/Automated-Grinding/JDH/jdh_ws_cx/src/moveit_task_constructor/core/include/moveit/task_constructor/stage.h:42[m[K,
                 from [01m[K/home/wglockner/Automated-Grinding/Automated-Grinding/JDH/jdh_ws_cx/src/moveit_task_constructor/core/include/moveit/task_constructor/container.h:41[m[K,
                 from [01m[K/home/wglockner/Automated-Grinding/Automated-Grinding/JDH/jdh_ws_cx/src/moveit_task_constructor/core/include/moveit/task_constructor/task.h:42[m[K,
                 from [01m[K/home/wglockner/Automated-Grinding/Automated-Grinding/JDH/jdh_ws_cx/src/my_mtc_package/include/my_mtc_package/my_mtc_task.h:4[m[K,
                 from [01m[K/home/wglockner/Automated-Grinding/Automated-Grinding/JDH/jdh_ws_cx/src/my_mtc_package/src/my_mtc_task.cpp:1[m[K:
[01m[K/usr/include/c++/9/bits/unique_ptr.h:868:5:[m[K [01;36m[Knote: [m[Kcandidate: ‘[01m[Ktemplate<class _Tp, class ... _Args> typename std::_MakeUniq<_Tp>::__invalid_type std::make_unique(_Args&& ...)[m[K’ <deleted>
  868 |     [01;36m[Kmake_unique[m[K(_Args&&...) = delete;
      |     [01;36m[K^~~~~~~~~~~[m[K
[01m[K/usr/include/c++/9/bits/unique_ptr.h:868:5:[m[K [01;36m[Knote: [m[K  template argument deduction/substitution failed:
[01m[K/home/wglockner/Automated-Grinding/Automated-Grinding/JDH/jdh_ws_cx/src/my_mtc_package/src/my_mtc_task.cpp:47:84:[m[K [01;31m[Kerror: [m[Ktemplate argument 1 is invalid
   47 |     place->insert(std::make_unique<stages::RetreatAfterPlace>("retreat after place"[01;31m[K)[m[K);
      |                                                                                    [01;31m[K^[m[K
[01m[K/home/wglockner/Automated-Grinding/Automated-Grinding/JDH/jdh_ws_cx/src/my_mtc_package/src/my_mtc_task.cpp:55:14:[m[K [01;31m[Kerror: [m[K‘[01m[Kclass moveit::task_constructor::stages::Connect[m[K’ has no member named ‘[01m[KsetGroup[m[K’
   55 |     connect->[01;31m[KsetGroup[m[K("arm");
      |              [01;31m[K^~~~~~~~[m[K
In file included from [01m[K/usr/include/c++/9/memory:80[m[K,
                 from [01m[K/home/wglockner/Automated-Grinding/Automated-Grinding/JDH/jdh_ws_cx/devel/.private/moveit_task_constructor_msgs/include/moveit_task_constructor_msgs/TrajectoryExecutionInfo.h:11[m[K,
                 from [01m[K/home/wglockner/Automated-Grinding/Automated-Grinding/JDH/jdh_ws_cx/src/moveit_task_constructor/core/include/moveit/task_constructor/trajectory_execution_info.h:39[m[K,
                 from [01m[K/home/wglockner/Automated-Grinding/Automated-Grinding/JDH/jdh_ws_cx/src/moveit_task_constructor/core/include/moveit/task_constructor/stage.h:42[m[K,
                 from [01m[K/home/wglockner/Automated-Grinding/Automated-Grinding/JDH/jdh_ws_cx/src/moveit_task_constructor/core/include/moveit/task_constructor/container.h:41[m[K,
                 from [01m[K/home/wglockner/Automated-Grinding/Automated-Grinding/JDH/jdh_ws_cx/src/moveit_task_constructor/core/include/moveit/task_constructor/task.h:42[m[K,
                 from [01m[K/home/wglockner/Automated-Grinding/Automated-Grinding/JDH/jdh_ws_cx/src/my_mtc_package/include/my_mtc_package/my_mtc_task.h:4[m[K,
                 from [01m[K/home/wglockner/Automated-Grinding/Automated-Grinding/JDH/jdh_ws_cx/src/my_mtc_package/src/my_mtc_task.cpp:1[m[K:
/usr/include/c++/9/bits/unique_ptr.h: In instantiation of ‘[01m[Ktypename std::_MakeUniq<_Tp>::__single_object std::make_unique(_Args&& ...) [with _Tp = moveit::task_constructor::stages::Pick; _Args = {const char (&)[5]}; typename std::_MakeUniq<_Tp>::__single_object = std::unique_ptr<moveit::task_constructor::stages::Pick, std::default_delete<moveit::task_constructor::stages::Pick> >][m[K’:
[01m[K/home/wglockner/Automated-Grinding/Automated-Grinding/JDH/jdh_ws_cx/src/my_mtc_package/src/my_mtc_task.cpp:18:54:[m[K   required from here
[01m[K/usr/include/c++/9/bits/unique_ptr.h:857:30:[m[K [01;31m[Kerror: [m[Kno matching function for call to ‘[01m[Kmoveit::task_constructor::stages::Pick::Pick(const char [5])[m[K’
  857 |     { return unique_ptr<_Tp>([01;31m[Knew _Tp(std::forward<_Args>(__args)...)[m[K); }
      |                              [01;31m[K^~~~~~~~~~~~~~~~~~~~~~~~~~~~~~~~~~~~~~~[m[K
In file included from [01m[K/home/wglockner/Automated-Grinding/Automated-Grinding/JDH/jdh_ws_cx/src/my_mtc_package/include/my_mtc_package/my_mtc_task.h:8[m[K,
                 from [01m[K/home/wglockner/Automated-Grinding/Automated-Grinding/JDH/jdh_ws_cx/src/my_mtc_package/src/my_mtc_task.cpp:1[m[K:
[01m[K/home/wglockner/Automated-Grinding/Automated-Grinding/JDH/jdh_ws_cx/src/moveit_task_constructor/core/include/moveit/task_constructor/stages/pick.h:95:2:[m[K [01;36m[Knote: [m[Kcandidate: ‘[01m[Kmoveit::task_constructor::stages::Pick::Pick(moveit::task_constructor::Stage::pointer&&, const string&)[m[K’
   95 |  [01;36m[KPick[m[K(Stage::pointer&& grasp_stage = Stage::pointer(), const std::string& name = "pick")
      |  [01;36m[K^~~~[m[K
[01m[K/home/wglockner/Automated-Grinding/Automated-Grinding/JDH/jdh_ws_cx/src/moveit_task_constructor/core/include/moveit/task_constructor/stages/pick.h:95:24:[m[K [01;36m[Knote: [m[K  no known conversion for argument 1 from ‘[01m[Kconst char [5][m[K’ to ‘[01m[Kmoveit::task_constructor::Stage::pointer&&[m[K’ {aka ‘[01m[Kstd::unique_ptr<moveit::task_constructor::Stage>&&[m[K’}
   95 |  Pick([01;36m[KStage::pointer&& grasp_stage = Stage::pointer()[m[K, const std::string& name = "pick")
      |       [01;36m[K~~~~~~~~~~~~~~~~~^~~~~~~~~~~~~~~~~~~~~~~~~~~~~~[m[K
In file included from [01m[K/usr/include/c++/9/memory:80[m[K,
                 from [01m[K/home/wglockner/Automated-Grinding/Automated-Grinding/JDH/jdh_ws_cx/devel/.private/moveit_task_constructor_msgs/include/moveit_task_constructor_msgs/TrajectoryExecutionInfo.h:11[m[K,
                 from [01m[K/home/wglockner/Automated-Grinding/Automated-Grinding/JDH/jdh_ws_cx/src/moveit_task_constructor/core/include/moveit/task_constructor/trajectory_execution_info.h:39[m[K,
                 from [01m[K/home/wglockner/Automated-Grinding/Automated-Grinding/JDH/jdh_ws_cx/src/moveit_task_constructor/core/include/moveit/task_constructor/stage.h:42[m[K,
                 from [01m[K/home/wglockner/Automated-Grinding/Automated-Grinding/JDH/jdh_ws_cx/src/moveit_task_constructor/core/include/moveit/task_constructor/container.h:41[m[K,
                 from [01m[K/home/wglockner/Automated-Grinding/Automated-Grinding/JDH/jdh_ws_cx/src/moveit_task_constructor/core/include/moveit/task_constructor/task.h:42[m[K,
                 from [01m[K/home/wglockner/Automated-Grinding/Automated-Grinding/JDH/jdh_ws_cx/src/my_mtc_package/include/my_mtc_package/my_mtc_task.h:4[m[K,
                 from [01m[K/home/wglockner/Automated-Grinding/Automated-Grinding/JDH/jdh_ws_cx/src/my_mtc_package/src/my_mtc_task.cpp:1[m[K:
/usr/include/c++/9/bits/unique_ptr.h: In instantiation of ‘[01m[Ktypename std::_MakeUniq<_Tp>::__single_object std::make_unique(_Args&& ...) [with _Tp = moveit::task_constructor::stages::Place; _Args = {const char (&)[6]}; typename std::_MakeUniq<_Tp>::__single_object = std::unique_ptr<moveit::task_constructor::stages::Place, std::default_delete<moveit::task_constructor::stages::Place> >][m[K’:
[01m[K/home/wglockner/Automated-Grinding/Automated-Grinding/JDH/jdh_ws_cx/src/my_mtc_package/src/my_mtc_task.cpp:36:57:[m[K   required from here
[01m[K/usr/include/c++/9/bits/unique_ptr.h:857:30:[m[K [01;31m[Kerror: [m[Kno matching function for call to ‘[01m[Kmoveit::task_constructor::stages::Place::Place(const char [6])[m[K’
  857 |     { return unique_ptr<_Tp>([01;31m[Knew _Tp(std::forward<_Args>(__args)...)[m[K); }
      |                              [01;31m[K^~~~~~~~~~~~~~~~~~~~~~~~~~~~~~~~~~~~~~~[m[K
In file included from [01m[K/home/wglockner/Automated-Grinding/Automated-Grinding/JDH/jdh_ws_cx/src/my_mtc_package/include/my_mtc_package/my_mtc_task.h:8[m[K,
                 from [01m[K/home/wglockner/Automated-Grinding/Automated-Grinding/JDH/jdh_ws_cx/src/my_mtc_package/src/my_mtc_task.cpp:1[m[K:
[01m[K/home/wglockner/Automated-Grinding/Automated-Grinding/JDH/jdh_ws_cx/src/moveit_task_constructor/core/include/moveit/task_constructor/stages/pick.h:112:2:[m[K [01;36m[Knote: [m[Kcandidate: ‘[01m[Kmoveit::task_constructor::stages::Place::Place(moveit::task_constructor::Stage::pointer&&, const string&)[m[K’
  112 |  [01;36m[KPlace[m[K(Stage::pointer&& ungrasp_stage = Stage::pointer(), const std::string& name = "place")
      |  [01;36m[K^~~~~[m[K
[01m[K/home/wglockner/Automated-Grinding/Automated-Grinding/JDH/jdh_ws_cx/src/moveit_task_constructor/core/include/moveit/task_constructor/stages/pick.h:112:25:[m[K [01;36m[Knote: [m[K  no known conversion for argument 1 from ‘[01m[Kconst char [6][m[K’ to ‘[01m[Kmoveit::task_constructor::Stage::pointer&&[m[K’ {aka ‘[01m[Kstd::unique_ptr<moveit::task_constructor::Stage>&&[m[K’}
  112 |  Place([01;36m[KStage::pointer&& ungrasp_stage = Stage::pointer()[m[K, const std::string& name = "place")
      |        [01;36m[K~~~~~~~~~~~~~~~~~^~~~~~~~~~~~~~~~~~~~~~~~~~~~~~~~[m[K
make[2]: *** [CMakeFiles/my_mtc_task.dir/build.make:63: CMakeFiles/my_mtc_task.dir/src/my_mtc_task.cpp.o] Error 1
make[1]: *** [CMakeFiles/Makefile2:254: CMakeFiles/my_mtc_task.dir/all] Error 2
make: *** [Makefile:141: all] Error 2
