Symlinking /home/wglockner/Automated-Grinding/Automated-Grinding/WWG/wwg_ws_cx/devel/share/roseus/ros/khi_robot_msgs/manifest.l
Symlinking /home/wglockner/Automated-Grinding/Automated-Grinding/WWG/wwg_ws_cx/devel/share/roseus/ros/khi_robot_msgs/srv/KhiRobotCmd.l
Symlinking /home/wglockner/Automated-Grinding/Automated-Grinding/WWG/wwg_ws_cx/devel/share/khi_robot_msgs/cmake/khi_robot_msgsConfig.cmake
Symlinking /home/wglockner/Automated-Grinding/Automated-Grinding/WWG/wwg_ws_cx/devel/share/khi_robot_msgs/cmake/khi_robot_msgs-msg-extras.cmake
Symlinking /home/wglockner/Automated-Grinding/Automated-Grinding/WWG/wwg_ws_cx/devel/share/khi_robot_msgs/cmake/khi_robot_msgs-msg-paths.cmake
Symlinking /home/wglockner/Automated-Grinding/Automated-Grinding/WWG/wwg_ws_cx/devel/share/khi_robot_msgs/cmake/khi_robot_msgsConfig-version.cmake
Symlinking /home/wglockner/Automated-Grinding/Automated-Grinding/WWG/wwg_ws_cx/devel/share/common-lisp/ros/khi_robot_msgs/srv/KhiRobotCmd.lisp
Symlinking /home/wglockner/Automated-Grinding/Automated-Grinding/WWG/wwg_ws_cx/devel/share/common-lisp/ros/khi_robot_msgs/srv/_package_KhiRobotCmd.lisp
Symlinking /home/wglockner/Automated-Grinding/Automated-Grinding/WWG/wwg_ws_cx/devel/share/common-lisp/ros/khi_robot_msgs/srv/khi_robot_msgs-srv.asd
Symlinking /home/wglockner/Automated-Grinding/Automated-Grinding/WWG/wwg_ws_cx/devel/share/common-lisp/ros/khi_robot_msgs/srv/_package.lisp
Symlinking /home/wglockner/Automated-Grinding/Automated-Grinding/WWG/wwg_ws_cx/devel/share/gennodejs/ros/khi_robot_msgs/_index.js
Symlinking /home/wglockner/Automated-Grinding/Automated-Grinding/WWG/wwg_ws_cx/devel/share/gennodejs/ros/khi_robot_msgs/srv/KhiRobotCmd.js
Symlinking /home/wglockner/Automated-Grinding/Automated-Grinding/WWG/wwg_ws_cx/devel/share/gennodejs/ros/khi_robot_msgs/srv/_index.js
Symlinking /home/wglockner/Automated-Grinding/Automated-Grinding/WWG/wwg_ws_cx/devel/lib/pkgconfig/khi_robot_msgs.pc
Symlinking /home/wglockner/Automated-Grinding/Automated-Grinding/WWG/wwg_ws_cx/devel/lib/python3/dist-packages/khi_robot_msgs/__init__.py
Symlinking /home/wglockner/Automated-Grinding/Automated-Grinding/WWG/wwg_ws_cx/devel/lib/python3/dist-packages/khi_robot_msgs/srv/_KhiRobotCmd.py
Symlinking /home/wglockner/Automated-Grinding/Automated-Grinding/WWG/wwg_ws_cx/devel/lib/python3/dist-packages/khi_robot_msgs/srv/__init__.py
Symlinking /home/wglockner/Automated-Grinding/Automated-Grinding/WWG/wwg_ws_cx/devel/include/khi_robot_msgs/KhiRobotCmdResponse.h
Symlinking /home/wglockner/Automated-Grinding/Automated-Grinding/WWG/wwg_ws_cx/devel/include/khi_robot_msgs/KhiRobotCmdRequest.h
Symlinking /home/wglockner/Automated-Grinding/Automated-Grinding/WWG/wwg_ws_cx/devel/include/khi_robot_msgs/KhiRobotCmd.h
